<?xml version="1.0" encoding="utf-8"?><testsuites name="pytest tests"><testsuite name="pytest" errors="0" failures="0" skipped="0" tests="12" time="7.328" timestamp="2026-09-03T04:22:01.390797+05:30" hostname="HERO"><testcase classname="verify.test_api_scenarios" name="test_c_1_1_scenarios_are_the_five_seeded_lifts_in_seed_order" time="0.553" /><testcase classname="verify.test_api_simulate" name="test_c_2_1_both_sides_runs_nine_ticks_serving_the_lower_call_first" time="0.329" /><testcase classname="verify.test_api_simulate" name="test_c_2_2_overtake_carries_on_up_past_the_nearer_call_behind_it" time="0.333" /><testcase classname="verify.test_api_simulate" name="test_c_2_3_passing_picks_up_the_call_on_the_floor_it_is_standing_on" time="0.339" /><testcase classname="verify.test_api_simulate" name="test_c_2_4_max_ticks_four_stops_both_sides_short_and_incomplete" time="0.325" /><testcase classname="verify.test_api_simulate" name="test_c_2_5_a_missing_scenario_a_bad_floor_and_bad_json_are_one_four_hundred" time="0.339" /><testcase classname="verify.test_api_simulate" name="test_c_2_6_quiet_completes_in_one_idle_row_with_nothing_served" time="0.328" /><testcase classname="verify.test_ui_shaft" name="test_c_1_2_above_draws_eight_floors_at_tick_zero_and_an_unknown_id_says_so" time="2.143" /><testcase classname="verify.test_ui_shaft" name="test_c_1_3_above_opens_its_doors_on_floor_six_after_four_presses" time="1.057" /><testcase classname="verify.test_ui_shaft" name="test_c_1_4_passing_car_is_still_moving_at_floor_three_after_two_presses" time="0.327" /><testcase classname="verify.test_ui_shaft" name="test_c_1_5_above_serves_floor_six_at_tick_four_and_goes_idle" time="0.493" /><testcase classname="verify.test_ui_shaft" name="test_c_1_6_quiet_car_stays_idle_on_floor_five_with_nothing_served" time="0.653" /></testsuite></testsuites>