<?xml version="1.0" encoding="utf-8"?><testsuites name="pytest tests"><testsuite name="pytest" errors="0" failures="0" skipped="0" tests="13" time="16.122" timestamp="2026-09-07T02:03:31.737252+05:30" hostname="HERO"><testcase classname="verify.test_api_purchase_orders" name="test_c_3_1_ep_po_create_returns_summary" time="0.637" /><testcase classname="verify.test_api_purchase_orders" name="test_c_4_1_ep_po_list_returns_summaries" time="0.501" /><testcase classname="verify.test_api_purchase_orders" name="test_c_4_3_ep_po_detail_returns_detail" time="0.512" /><testcase classname="verify.test_api_skus" name="test_c_1_1_ep_skus_list_returns_8" time="0.577" /><testcase classname="verify.test_api_suggestions" name="test_c_2_1_ep_reorder_suggestions_qty_formula" time="0.403" /><testcase classname="verify.test_ui_purchase_orders" name="test_c_3_2_sc_suggestions_button_counts_checked" time="1.583" /><testcase classname="verify.test_ui_purchase_orders" name="test_c_3_3_sc_suggestions_navigates_to_created_with_counts" time="1.875" /><testcase classname="verify.test_ui_purchase_orders" name="test_c_3_4_sc_po_created_renders_numbers_from_url" time="1.553" /><testcase classname="verify.test_ui_purchase_orders" name="test_c_4_2_sc_po_history_renders_rows_with_counts" time="1.967" /><testcase classname="verify.test_ui_purchase_orders" name="test_c_4_4_sc_po_detail_renders_lines" time="1.927" /><testcase classname="verify.test_ui_skus" name="test_c_1_2_sc_skus_list_renders_8_rows" time="1.452" /><testcase classname="verify.test_ui_suggestions" name="test_c_2_2_sc_suggestions_renders_only_positive" time="1.501" /><testcase classname="verify.test_ui_suggestions" name="test_c_2_3_sc_suggestions_shows_qty_in_cell" time="1.516" /></testsuite></testsuites>