<?xml version="1.0" encoding="utf-8"?><testsuites name="pytest tests"><testsuite name="pytest" errors="0" failures="16" skipped="0" tests="16" time="121.108" timestamp="2026-08-28T17:28:31.432803+05:30" hostname="nxtwave-Z790-D-AX"><testcase classname="skeleton.verify.test_api_habit" name="test_c_2_1_habit_get_returns_drink_waters_week_and_streak" time="0.030"><failure message="AssertionError: {&quot;error&quot;:&quot;not implemented&quot;}&#10;assert 501 == 200&#10; +  where 501 = &lt;Response [501 Not Implemented]&gt;.status_code">api = &lt;httpx.Client object at 0x782fc9b5c380&gt;

    #x1B[0m#x1B[94mdef#x1B[39;49;00m#x1B[90m #x1B[39;49;00m#x1B[92mtest_c_2_1_habit_get_returns_drink_waters_week_and_streak#x1B[39;49;00m(api):#x1B[90m#x1B[39;49;00m
    #x1B[90m    #x1B[39;49;00m#x1B[33m"""c-2-1: GET /api/habits/drink-water is 200 with name Drink water, a days#x1B[39;49;00m
    #x1B[33m    array of exactly 7 entries and streak 5."""#x1B[39;49;00m#x1B[90m#x1B[39;49;00m
        response = api.get(#x1B[33m"#x1B[39;49;00m#x1B[33m/api/habits/drink-water#x1B[39;49;00m#x1B[33m"#x1B[39;49;00m)#x1B[90m#x1B[39;49;00m
&gt;       #x1B[94massert#x1B[39;49;00m response.status_code == #x1B[94m200#x1B[39;49;00m, response.text#x1B[90m#x1B[39;49;00m
#x1B[1m#x1B[31mE       AssertionError: {"error":"not implemented"}#x1B[0m
#x1B[1m#x1B[31mE       assert 501 == 200#x1B[0m
#x1B[1m#x1B[31mE        +  where 501 = &lt;Response [501 Not Implemented]&gt;.status_code#x1B[0m

#x1B[1m#x1B[31mskeleton/verify/test_api_habit.py#x1B[0m:9: AssertionError</failure></testcase><testcase classname="skeleton.verify.test_api_habit" name="test_c_2_2_habit_get_returns_404_with_an_error_for_an_unknown_id" time="0.012"><failure message="AssertionError: 501: {&quot;error&quot;:&quot;not implemented&quot;}&#10;assert 501 == 404&#10; +  where 501 = &lt;Response [501 Not Implemented]&gt;.status_code">api = &lt;httpx.Client object at 0x782fc9929700&gt;

    #x1B[0m#x1B[94mdef#x1B[39;49;00m#x1B[90m #x1B[39;49;00m#x1B[92mtest_c_2_2_habit_get_returns_404_with_an_error_for_an_unknown_id#x1B[39;49;00m(api):#x1B[90m#x1B[39;49;00m
    #x1B[90m    #x1B[39;49;00m#x1B[33m"""c-2-2: GET /api/habits/no-such-habit is 404 with a JSON body whose error#x1B[39;49;00m
    #x1B[33m    key holds a non-empty string."""#x1B[39;49;00m#x1B[90m#x1B[39;49;00m
        response = api.get(#x1B[33m"#x1B[39;49;00m#x1B[33m/api/habits/no-such-habit#x1B[39;49;00m#x1B[33m"#x1B[39;49;00m)#x1B[90m#x1B[39;49;00m
&gt;       #x1B[94massert#x1B[39;49;00m response.status_code == #x1B[94m404#x1B[39;49;00m, #x1B[33mf#x1B[39;49;00m#x1B[33m"#x1B[39;49;00m#x1B[33m{#x1B[39;49;00mresponse.status_code#x1B[33m}#x1B[39;49;00m#x1B[33m: #x1B[39;49;00m#x1B[33m{#x1B[39;49;00mresponse.text#x1B[33m}#x1B[39;49;00m#x1B[33m"#x1B[39;49;00m#x1B[90m#x1B[39;49;00m
#x1B[1m#x1B[31mE       AssertionError: 501: {"error":"not implemented"}#x1B[0m
#x1B[1m#x1B[31mE       assert 501 == 404#x1B[0m
#x1B[1m#x1B[31mE        +  where 501 = &lt;Response [501 Not Implemented]&gt;.status_code#x1B[0m

#x1B[1m#x1B[31mskeleton/verify/test_api_habit.py#x1B[0m:22: AssertionError</failure></testcase><testcase classname="skeleton.verify.test_api_habits" name="test_c_1_1_habits_list_returns_four_habits_with_seven_days_each" time="0.013"><failure message="AssertionError: drink-water has 0 days: []&#10;assert 0 == 7&#10; +  where 0 = len([])">api = &lt;httpx.Client object at 0x782fc99290d0&gt;

    #x1B[0m#x1B[94mdef#x1B[39;49;00m#x1B[90m #x1B[39;49;00m#x1B[92mtest_c_1_1_habits_list_returns_four_habits_with_seven_days_each#x1B[39;49;00m(api):#x1B[90m#x1B[39;49;00m
    #x1B[90m    #x1B[39;49;00m#x1B[33m"""c-1-1: 200 and a JSON array of 4 habits, each with id, name, streak and#x1B[39;49;00m
    #x1B[33m    a days array of exactly 7 entries."""#x1B[39;49;00m#x1B[90m#x1B[39;49;00m
        response = api.get(#x1B[33m"#x1B[39;49;00m#x1B[33m/api/habits#x1B[39;49;00m#x1B[33m"#x1B[39;49;00m)#x1B[90m#x1B[39;49;00m
        #x1B[94massert#x1B[39;49;00m response.status_code == #x1B[94m200#x1B[39;49;00m, response.text#x1B[90m#x1B[39;49;00m
    #x1B[90m#x1B[39;49;00m
        habits = response.json()#x1B[90m#x1B[39;49;00m
        #x1B[94massert#x1B[39;49;00m #x1B[96misinstance#x1B[39;49;00m(habits, #x1B[96mlist#x1B[39;49;00m), #x1B[33mf#x1B[39;49;00m#x1B[33m"#x1B[39;49;00m#x1B[33mbody is #x1B[39;49;00m#x1B[33m{#x1B[39;49;00m#x1B[96mtype#x1B[39;49;00m(habits).#x1B[91m__name__#x1B[39;49;00m#x1B[33m}#x1B[39;49;00m#x1B[33m, not a list#x1B[39;49;00m#x1B[33m"#x1B[39;49;00m#x1B[90m#x1B[39;49;00m
        #x1B[94massert#x1B[39;49;00m #x1B[96mlen#x1B[39;49;00m(habits) == #x1B[94m4#x1B[39;49;00m, #x1B[33mf#x1B[39;49;00m#x1B[33m"#x1B[39;49;00m#x1B[33m{#x1B[39;49;00m#x1B[96mlen#x1B[39;49;00m(habits)#x1B[33m}#x1B[39;49;00m#x1B[33m habits: #x1B[39;49;00m#x1B[33m{#x1B[39;49;00mhabits#x1B[33m}#x1B[39;49;00m#x1B[33m"#x1B[39;49;00m#x1B[90m#x1B[39;49;00m
    #x1B[90m#x1B[39;49;00m
        #x1B[94mfor#x1B[39;49;00m habit #x1B[95min#x1B[39;49;00m habits:#x1B[90m#x1B[39;49;00m
            #x1B[94massert#x1B[39;49;00m #x1B[96misinstance#x1B[39;49;00m(habit, #x1B[96mdict#x1B[39;49;00m), #x1B[33mf#x1B[39;49;00m#x1B[33m"#x1B[39;49;00m#x1B[33mentry is #x1B[39;49;00m#x1B[33m{#x1B[39;49;00mhabit#x1B[33m!r}#x1B[39;49;00m#x1B[33m"#x1B[39;49;00m#x1B[90m#x1B[39;49;00m
            #x1B[94mfor#x1B[39;49;00m key #x1B[95min#x1B[39;49;00m (#x1B[33m"#x1B[39;49;00m#x1B[33mid#x1B[39;49;00m#x1B[33m"#x1B[39;49;00m, #x1B[33m"#x1B[39;49;00m#x1B[33mname#x1B[39;49;00m#x1B[33m"#x1B[39;49;00m, #x1B[33m"#x1B[39;49;00m#x1B[33mstreak#x1B[39;49;00m#x1B[33m"#x1B[39;49;00m, #x1B[33m"#x1B[39;49;00m#x1B[33mdays#x1B[39;49;00m#x1B[33m"#x1B[39;49;00m):#x1B[90m#x1B[39;49;00m
                #x1B[94massert#x1B[39;49;00m key #x1B[95min#x1B[39;49;00m habit, #x1B[33mf#x1B[39;49;00m#x1B[33m"#x1B[39;49;00m#x1B[33m{#x1B[39;49;00mhabit.get(#x1B[33m'#x1B[39;49;00m#x1B[33mid#x1B[39;49;00m#x1B[33m'#x1B[39;49;00m)#x1B[33m!r}#x1B[39;49;00m#x1B[33m has no #x1B[39;49;00m#x1B[33m{#x1B[39;49;00mkey#x1B[33m}#x1B[39;49;00m#x1B[33m: #x1B[39;49;00m#x1B[33m{#x1B[39;49;00mhabit#x1B[33m}#x1B[39;49;00m#x1B[33m"#x1B[39;49;00m#x1B[90m#x1B[39;49;00m
            #x1B[94massert#x1B[39;49;00m #x1B[96misinstance#x1B[39;49;00m(habit[#x1B[33m"#x1B[39;49;00m#x1B[33mid#x1B[39;49;00m#x1B[33m"#x1B[39;49;00m], #x1B[96mstr#x1B[39;49;00m) #x1B[95mand#x1B[39;49;00m habit[#x1B[33m"#x1B[39;49;00m#x1B[33mid#x1B[39;49;00m#x1B[33m"#x1B[39;49;00m], habit#x1B[90m#x1B[39;49;00m
            #x1B[94massert#x1B[39;49;00m #x1B[96misinstance#x1B[39;49;00m(habit[#x1B[33m"#x1B[39;49;00m#x1B[33mname#x1B[39;49;00m#x1B[33m"#x1B[39;49;00m], #x1B[96mstr#x1B[39;49;00m) #x1B[95mand#x1B[39;49;00m habit[#x1B[33m"#x1B[39;49;00m#x1B[33mname#x1B[39;49;00m#x1B[33m"#x1B[39;49;00m], habit#x1B[90m#x1B[39;49;00m
            #x1B[94massert#x1B[39;49;00m #x1B[96misinstance#x1B[39;49;00m(habit[#x1B[33m"#x1B[39;49;00m#x1B[33mstreak#x1B[39;49;00m#x1B[33m"#x1B[39;49;00m], #x1B[96mint#x1B[39;49;00m), habit#x1B[90m#x1B[39;49;00m
            #x1B[94massert#x1B[39;49;00m #x1B[96misinstance#x1B[39;49;00m(habit[#x1B[33m"#x1B[39;49;00m#x1B[33mdays#x1B[39;49;00m#x1B[33m"#x1B[39;49;00m], #x1B[96mlist#x1B[39;49;00m), habit#x1B[90m#x1B[39;49;00m
&gt;           #x1B[94massert#x1B[39;49;00m #x1B[96mlen#x1B[39;49;00m(habit[#x1B[33m"#x1B[39;49;00m#x1B[33mdays#x1B[39;49;00m#x1B[33m"#x1B[39;49;00m]) == #x1B[94m7#x1B[39;49;00m, (#x1B[90m#x1B[39;49;00m
                #x1B[33mf#x1B[39;49;00m#x1B[33m"#x1B[39;49;00m#x1B[33m{#x1B[39;49;00mhabit[#x1B[33m'#x1B[39;49;00m#x1B[33mid#x1B[39;49;00m#x1B[33m'#x1B[39;49;00m]#x1B[33m}#x1B[39;49;00m#x1B[33m has #x1B[39;49;00m#x1B[33m{#x1B[39;49;00m#x1B[96mlen#x1B[39;49;00m(habit[#x1B[33m'#x1B[39;49;00m#x1B[33mdays#x1B[39;49;00m#x1B[33m'#x1B[39;49;00m])#x1B[33m}#x1B[39;49;00m#x1B[33m days: #x1B[39;49;00m#x1B[33m{#x1B[39;49;00mhabit[#x1B[33m'#x1B[39;49;00m#x1B[33mdays#x1B[39;49;00m#x1B[33m'#x1B[39;49;00m]#x1B[33m}#x1B[39;49;00m#x1B[33m"#x1B[39;49;00m#x1B[90m#x1B[39;49;00m
            )#x1B[90m#x1B[39;49;00m
#x1B[1m#x1B[31mE           AssertionError: drink-water has 0 days: []#x1B[0m
#x1B[1m#x1B[31mE           assert 0 == 7#x1B[0m
#x1B[1m#x1B[31mE            +  where 0 = len([])#x1B[0m

#x1B[1m#x1B[31mskeleton/verify/test_api_habits.py#x1B[0m:31: AssertionError</failure></testcase><testcase classname="skeleton.verify.test_api_habits" name="test_c_1_2_habits_list_days_are_the_tracked_week_monday_first" time="0.014"><failure message="AssertionError: drink-water days are []&#10;assert [] == ['2026-08-24'...6-08-29', ...]&#10;  &#10;  Right contains 7 more items, first extra item: #x1B[0m#x1B[33m'#x1B[39;49;00m#x1B[33m2026-08-24#x1B[39;49;00m#x1B[33m'#x1B[39;49;00m#x1B[90m#x1B[39;49;00m&#10;  Use -v to get more diff">api = &lt;httpx.Client object at 0x782fc992a1b0&gt;

    #x1B[0m#x1B[94mdef#x1B[39;49;00m#x1B[90m #x1B[39;49;00m#x1B[92mtest_c_1_2_habits_list_days_are_the_tracked_week_monday_first#x1B[39;49;00m(api):#x1B[90m#x1B[39;49;00m
    #x1B[90m    #x1B[39;49;00m#x1B[33m"""c-1-2: every habit's days[].date is 2026-08-24 through 2026-08-30 in that#x1B[39;49;00m
    #x1B[33m    Monday-to-Sunday order."""#x1B[39;49;00m#x1B[90m#x1B[39;49;00m
        response = api.get(#x1B[33m"#x1B[39;49;00m#x1B[33m/api/habits#x1B[39;49;00m#x1B[33m"#x1B[39;49;00m)#x1B[90m#x1B[39;49;00m
        #x1B[94massert#x1B[39;49;00m response.status_code == #x1B[94m200#x1B[39;49;00m, response.text#x1B[90m#x1B[39;49;00m
    #x1B[90m#x1B[39;49;00m
        habits = response.json()#x1B[90m#x1B[39;49;00m
        #x1B[94massert#x1B[39;49;00m #x1B[96mlen#x1B[39;49;00m(habits) == #x1B[94m4#x1B[39;49;00m, #x1B[33mf#x1B[39;49;00m#x1B[33m"#x1B[39;49;00m#x1B[33m{#x1B[39;49;00m#x1B[96mlen#x1B[39;49;00m(habits)#x1B[33m}#x1B[39;49;00m#x1B[33m habits: #x1B[39;49;00m#x1B[33m{#x1B[39;49;00mhabits#x1B[33m}#x1B[39;49;00m#x1B[33m"#x1B[39;49;00m#x1B[90m#x1B[39;49;00m
    #x1B[90m#x1B[39;49;00m
        #x1B[94mfor#x1B[39;49;00m habit #x1B[95min#x1B[39;49;00m habits:#x1B[90m#x1B[39;49;00m
            dates = [day[#x1B[33m"#x1B[39;49;00m#x1B[33mdate#x1B[39;49;00m#x1B[33m"#x1B[39;49;00m] #x1B[94mfor#x1B[39;49;00m day #x1B[95min#x1B[39;49;00m habit[#x1B[33m"#x1B[39;49;00m#x1B[33mdays#x1B[39;49;00m#x1B[33m"#x1B[39;49;00m]]#x1B[90m#x1B[39;49;00m
&gt;           #x1B[94massert#x1B[39;49;00m dates == WEEK, #x1B[33mf#x1B[39;49;00m#x1B[33m"#x1B[39;49;00m#x1B[33m{#x1B[39;49;00mhabit[#x1B[33m'#x1B[39;49;00m#x1B[33mid#x1B[39;49;00m#x1B[33m'#x1B[39;49;00m]#x1B[33m}#x1B[39;49;00m#x1B[33m days are #x1B[39;49;00m#x1B[33m{#x1B[39;49;00mdates#x1B[33m}#x1B[39;49;00m#x1B[33m"#x1B[39;49;00m#x1B[90m#x1B[39;49;00m
#x1B[1m#x1B[31mE           AssertionError: drink-water days are []#x1B[0m
#x1B[1m#x1B[31mE           assert [] == ['2026-08-24'...6-08-29', ...]#x1B[0m
#x1B[1m#x1B[31mE             #x1B[0m
#x1B[1m#x1B[31mE             Right contains 7 more items, first extra item: #x1B[0m#x1B[33m'#x1B[39;49;00m#x1B[33m2026-08-24#x1B[39;49;00m#x1B[33m'#x1B[39;49;00m#x1B[90m#x1B[39;49;00m#x1B[0m
#x1B[1m#x1B[31mE             Use -v to get more diff#x1B[0m

#x1B[1m#x1B[31mskeleton/verify/test_api_habits.py#x1B[0m:47: AssertionError</failure></testcase><testcase classname="skeleton.verify.test_api_habits" name="test_c_1_3_habits_list_streaks_are_five_zero_zero_and_one" time="0.013"><failure message="AssertionError: {'drink-water': -1, 'read-pages': -1, 'meditate': -1, 'stretch': -1}&#10;assert {'drink-water...'stretch': -1} == {'drink-water... 'stretch': 1}&#10;  &#10;  Differing items:&#10;  #x1B[0m{#x1B[33m'#x1B[39;49;00m#x1B[33mstretch#x1B[39;49;00m#x1B[33m'#x1B[39;49;00m: -#x1B[94m1#x1B[39;49;00m}#x1B[90m#x1B[39;49;00m != #x1B[0m{#x1B[33m'#x1B[39;49;00m#x1B[33mstretch#x1B[39;49;00m#x1B[33m'#x1B[39;49;00m: #x1B[94m1#x1B[39;49;00m}#x1B[90m#x1B[39;49;00m&#10;  #x1B[0m{#x1B[33m'#x1B[39;49;00m#x1B[33mmeditate#x1B[39;49;00m#x1B[33m'#x1B[39;49;00m: -#x1B[94m1#x1B[39;49;00m}#x1B[90m#x1B[39;49;00m != #x1B[0m{#x1B[33m'#x1B[39;49;00m#x1B[33mmeditate#x1B[39;49;00m#x1B[33m'#x1B[39;49;00m: #x1B[94m0#x1B[39;49;00m}#x1B[90m#x1B[39;49;00m&#10;  #x1B[0m{#x1B[33m'#x1B[39;49;00m#x1B[33mdrink-water#x1B[39;49;00m#x1B[33m'#x1B[39;49;00m: -#x1B[94m1#x1B[39;49;00m}#x1B[90m#x1B[39;49;00m != #x1B[0m{#x1B[33m'#x1B[39;49;00m#x1B[33mdrink-water#x1B[39;49;00m...&#10;  &#10;  ...Full output truncated (3 lines hidden), use '-vv' to show">api = &lt;httpx.Client object at 0x782fc995a2a0&gt;

    #x1B[0m#x1B[94mdef#x1B[39;49;00m#x1B[90m #x1B[39;49;00m#x1B[92mtest_c_1_3_habits_list_streaks_are_five_zero_zero_and_one#x1B[39;49;00m(api):#x1B[90m#x1B[39;49;00m
    #x1B[90m    #x1B[39;49;00m#x1B[33m"""c-1-3: streak 5 for drink-water, 0 for read-pages, 0 for meditate and 1#x1B[39;49;00m
    #x1B[33m    for stretch."""#x1B[39;49;00m#x1B[90m#x1B[39;49;00m
        response = api.get(#x1B[33m"#x1B[39;49;00m#x1B[33m/api/habits#x1B[39;49;00m#x1B[33m"#x1B[39;49;00m)#x1B[90m#x1B[39;49;00m
        #x1B[94massert#x1B[39;49;00m response.status_code == #x1B[94m200#x1B[39;49;00m, response.text#x1B[90m#x1B[39;49;00m
    #x1B[90m#x1B[39;49;00m
        by_id = {habit[#x1B[33m"#x1B[39;49;00m#x1B[33mid#x1B[39;49;00m#x1B[33m"#x1B[39;49;00m]: habit #x1B[94mfor#x1B[39;49;00m habit #x1B[95min#x1B[39;49;00m response.json()}#x1B[90m#x1B[39;49;00m
        #x1B[94massert#x1B[39;49;00m #x1B[96msorted#x1B[39;49;00m(by_id) == #x1B[96msorted#x1B[39;49;00m(HABIT_IDS), #x1B[33mf#x1B[39;49;00m#x1B[33m"#x1B[39;49;00m#x1B[33mids are #x1B[39;49;00m#x1B[33m{#x1B[39;49;00m#x1B[96msorted#x1B[39;49;00m(by_id)#x1B[33m}#x1B[39;49;00m#x1B[33m"#x1B[39;49;00m#x1B[90m#x1B[39;49;00m
    #x1B[90m#x1B[39;49;00m
        got = {habit_id: by_id[habit_id][#x1B[33m"#x1B[39;49;00m#x1B[33mstreak#x1B[39;49;00m#x1B[33m"#x1B[39;49;00m] #x1B[94mfor#x1B[39;49;00m habit_id #x1B[95min#x1B[39;49;00m HABIT_IDS}#x1B[90m#x1B[39;49;00m
&gt;       #x1B[94massert#x1B[39;49;00m got == {habit_id: STREAKS[habit_id] #x1B[94mfor#x1B[39;49;00m habit_id #x1B[95min#x1B[39;49;00m HABIT_IDS}, got#x1B[90m#x1B[39;49;00m
#x1B[1m#x1B[31mE       AssertionError: {'drink-water': -1, 'read-pages': -1, 'meditate': -1, 'stretch': -1}#x1B[0m
#x1B[1m#x1B[31mE       assert {'drink-water...'stretch': -1} == {'drink-water... 'stretch': 1}#x1B[0m
#x1B[1m#x1B[31mE         #x1B[0m
#x1B[1m#x1B[31mE         Differing items:#x1B[0m
#x1B[1m#x1B[31mE         #x1B[0m{#x1B[33m'#x1B[39;49;00m#x1B[33mstretch#x1B[39;49;00m#x1B[33m'#x1B[39;49;00m: -#x1B[94m1#x1B[39;49;00m}#x1B[90m#x1B[39;49;00m != #x1B[0m{#x1B[33m'#x1B[39;49;00m#x1B[33mstretch#x1B[39;49;00m#x1B[33m'#x1B[39;49;00m: #x1B[94m1#x1B[39;49;00m}#x1B[90m#x1B[39;49;00m#x1B[0m
#x1B[1m#x1B[31mE         #x1B[0m{#x1B[33m'#x1B[39;49;00m#x1B[33mmeditate#x1B[39;49;00m#x1B[33m'#x1B[39;49;00m: -#x1B[94m1#x1B[39;49;00m}#x1B[90m#x1B[39;49;00m != #x1B[0m{#x1B[33m'#x1B[39;49;00m#x1B[33mmeditate#x1B[39;49;00m#x1B[33m'#x1B[39;49;00m: #x1B[94m0#x1B[39;49;00m}#x1B[90m#x1B[39;49;00m#x1B[0m
#x1B[1m#x1B[31mE         #x1B[0m{#x1B[33m'#x1B[39;49;00m#x1B[33mdrink-water#x1B[39;49;00m#x1B[33m'#x1B[39;49;00m: -#x1B[94m1#x1B[39;49;00m}#x1B[90m#x1B[39;49;00m != #x1B[0m{#x1B[33m'#x1B[39;49;00m#x1B[33mdrink-water#x1B[39;49;00m...#x1B[0m
#x1B[1m#x1B[31mE         #x1B[0m
#x1B[1m#x1B[31mE         ...Full output truncated (3 lines hidden), use '-vv' to show#x1B[0m

#x1B[1m#x1B[31mskeleton/verify/test_api_habits.py#x1B[0m:60: AssertionError</failure></testcase><testcase classname="skeleton.verify.test_api_habits" name="test_c_1_6_habits_list_week_follows_the_stored_tracked_day" time="0.012"><failure message="AssertionError: trackedDay 2026-08-30: drink-water days are []&#10;assert [] == ['2026-08-24'...6-08-29', ...]&#10;  &#10;  Right contains 7 more items, first extra item: #x1B[0m#x1B[33m'#x1B[39;49;00m#x1B[33m2026-08-24#x1B[39;49;00m#x1B[33m'#x1B[39;49;00m#x1B[90m#x1B[39;49;00m&#10;  Use -v to get more diff">api = &lt;httpx.Client object at 0x782fc995a270&gt;

    #x1B[0m#x1B[94mdef#x1B[39;49;00m#x1B[90m #x1B[39;49;00m#x1B[92mtest_c_1_6_habits_list_week_follows_the_stored_tracked_day#x1B[39;49;00m(api):#x1B[90m#x1B[39;49;00m
    #x1B[90m    #x1B[39;49;00m#x1B[33m"""c-1-6: trackedDay 2026-08-30, a Sunday, still gives 2026-08-24 through#x1B[39;49;00m
    #x1B[33m    2026-08-30; trackedDay 2026-09-06 gives 2026-08-31 through 2026-09-06."""#x1B[39;49;00m#x1B[90m#x1B[39;49;00m
        #x1B[94mfor#x1B[39;49;00m tracked_day, expected #x1B[95min#x1B[39;49;00m (#x1B[90m#x1B[39;49;00m
            (#x1B[33m"#x1B[39;49;00m#x1B[33m2026-08-30#x1B[39;49;00m#x1B[33m"#x1B[39;49;00m, WEEK),#x1B[90m#x1B[39;49;00m
            (#x1B[33m"#x1B[39;49;00m#x1B[33m2026-09-06#x1B[39;49;00m#x1B[33m"#x1B[39;49;00m, WEEK_OF_SEPT_6),#x1B[90m#x1B[39;49;00m
        ):#x1B[90m#x1B[39;49;00m
            write_store_with_tracked_day(tracked_day)#x1B[90m#x1B[39;49;00m
    #x1B[90m#x1B[39;49;00m
            response = api.get(#x1B[33m"#x1B[39;49;00m#x1B[33m/api/habits#x1B[39;49;00m#x1B[33m"#x1B[39;49;00m)#x1B[90m#x1B[39;49;00m
            #x1B[94massert#x1B[39;49;00m response.status_code == #x1B[94m200#x1B[39;49;00m, response.text#x1B[90m#x1B[39;49;00m
    #x1B[90m#x1B[39;49;00m
            habits = response.json()#x1B[90m#x1B[39;49;00m
            #x1B[94massert#x1B[39;49;00m #x1B[96mlen#x1B[39;49;00m(habits) == #x1B[94m4#x1B[39;49;00m, #x1B[33mf#x1B[39;49;00m#x1B[33m"#x1B[39;49;00m#x1B[33m{#x1B[39;49;00m#x1B[96mlen#x1B[39;49;00m(habits)#x1B[33m}#x1B[39;49;00m#x1B[33m habits: #x1B[39;49;00m#x1B[33m{#x1B[39;49;00mhabits#x1B[33m}#x1B[39;49;00m#x1B[33m"#x1B[39;49;00m#x1B[90m#x1B[39;49;00m
    #x1B[90m#x1B[39;49;00m
            #x1B[94mfor#x1B[39;49;00m habit #x1B[95min#x1B[39;49;00m habits:#x1B[90m#x1B[39;49;00m
                dates = [day[#x1B[33m"#x1B[39;49;00m#x1B[33mdate#x1B[39;49;00m#x1B[33m"#x1B[39;49;00m] #x1B[94mfor#x1B[39;49;00m day #x1B[95min#x1B[39;49;00m habit[#x1B[33m"#x1B[39;49;00m#x1B[33mdays#x1B[39;49;00m#x1B[33m"#x1B[39;49;00m]]#x1B[90m#x1B[39;49;00m
&gt;               #x1B[94massert#x1B[39;49;00m dates == expected, (#x1B[90m#x1B[39;49;00m
                    #x1B[33mf#x1B[39;49;00m#x1B[33m"#x1B[39;49;00m#x1B[33mtrackedDay #x1B[39;49;00m#x1B[33m{#x1B[39;49;00mtracked_day#x1B[33m}#x1B[39;49;00m#x1B[33m: #x1B[39;49;00m#x1B[33m{#x1B[39;49;00mhabit[#x1B[33m'#x1B[39;49;00m#x1B[33mid#x1B[39;49;00m#x1B[33m'#x1B[39;49;00m]#x1B[33m}#x1B[39;49;00m#x1B[33m days are #x1B[39;49;00m#x1B[33m{#x1B[39;49;00mdates#x1B[33m}#x1B[39;49;00m#x1B[33m"#x1B[39;49;00m#x1B[90m#x1B[39;49;00m
                )#x1B[90m#x1B[39;49;00m
#x1B[1m#x1B[31mE               AssertionError: trackedDay 2026-08-30: drink-water days are []#x1B[0m
#x1B[1m#x1B[31mE               assert [] == ['2026-08-24'...6-08-29', ...]#x1B[0m
#x1B[1m#x1B[31mE                 #x1B[0m
#x1B[1m#x1B[31mE                 Right contains 7 more items, first extra item: #x1B[0m#x1B[33m'#x1B[39;49;00m#x1B[33m2026-08-24#x1B[39;49;00m#x1B[33m'#x1B[39;49;00m#x1B[90m#x1B[39;49;00m#x1B[0m
#x1B[1m#x1B[31mE                 Use -v to get more diff#x1B[0m

#x1B[1m#x1B[31mskeleton/verify/test_api_habits.py#x1B[0m:80: AssertionError</failure></testcase><testcase classname="skeleton.verify.test_api_toggle" name="test_c_3_1_toggling_stretch_on_the_25th_returns_streak_two" time="0.013"><failure message="AssertionError: 501: {&quot;error&quot;:&quot;not implemented&quot;}&#10;assert 501 == 200&#10; +  where 501 = &lt;Response [501 Not Implemented]&gt;.status_code">api = &lt;httpx.Client object at 0x782fc995ae10&gt;

    #x1B[0m#x1B[94mdef#x1B[39;49;00m#x1B[90m #x1B[39;49;00m#x1B[92mtest_c_3_1_toggling_stretch_on_the_25th_returns_streak_two#x1B[39;49;00m(api):#x1B[90m#x1B[39;49;00m
    #x1B[90m    #x1B[39;49;00m#x1B[33m"""c-3-1: POST /api/habits/stretch/toggle with {"date": "2026-08-25"} is 200#x1B[39;49;00m
    #x1B[33m    with streak 2 and the days entry for 2026-08-25 marked done."""#x1B[39;49;00m#x1B[90m#x1B[39;49;00m
        response = api.post(#x1B[33m"#x1B[39;49;00m#x1B[33m/api/habits/stretch/toggle#x1B[39;49;00m#x1B[33m"#x1B[39;49;00m, json={#x1B[33m"#x1B[39;49;00m#x1B[33mdate#x1B[39;49;00m#x1B[33m"#x1B[39;49;00m: #x1B[33m"#x1B[39;49;00m#x1B[33m2026-08-25#x1B[39;49;00m#x1B[33m"#x1B[39;49;00m})#x1B[90m#x1B[39;49;00m
&gt;       #x1B[94massert#x1B[39;49;00m response.status_code == #x1B[94m200#x1B[39;49;00m, #x1B[33mf#x1B[39;49;00m#x1B[33m"#x1B[39;49;00m#x1B[33m{#x1B[39;49;00mresponse.status_code#x1B[33m}#x1B[39;49;00m#x1B[33m: #x1B[39;49;00m#x1B[33m{#x1B[39;49;00mresponse.text#x1B[33m}#x1B[39;49;00m#x1B[33m"#x1B[39;49;00m#x1B[90m#x1B[39;49;00m
#x1B[1m#x1B[31mE       AssertionError: 501: {"error":"not implemented"}#x1B[0m
#x1B[1m#x1B[31mE       assert 501 == 200#x1B[0m
#x1B[1m#x1B[31mE        +  where 501 = &lt;Response [501 Not Implemented]&gt;.status_code#x1B[0m

#x1B[1m#x1B[31mskeleton/verify/test_api_toggle.py#x1B[0m:15: AssertionError</failure></testcase><testcase classname="skeleton.verify.test_api_toggle" name="test_c_3_2_toggling_drink_water_off_breaks_the_streak_and_persists" time="0.013"><failure message="AssertionError: 501: {&quot;error&quot;:&quot;not implemented&quot;}&#10;assert 501 == 200&#10; +  where 501 = &lt;Response [501 Not Implemented]&gt;.status_code">api = &lt;httpx.Client object at 0x782fc9963950&gt;

    #x1B[0m#x1B[94mdef#x1B[39;49;00m#x1B[90m #x1B[39;49;00m#x1B[92mtest_c_3_2_toggling_drink_water_off_breaks_the_streak_and_persists#x1B[39;49;00m(api):#x1B[90m#x1B[39;49;00m
    #x1B[90m    #x1B[39;49;00m#x1B[33m"""c-3-2: POST /api/habits/drink-water/toggle with {"date": "2026-08-26"} is#x1B[39;49;00m
    #x1B[33m    200 with streak 0, and a following GET /api/habits/drink-water persists#x1B[39;49;00m
    #x1B[33m    streak 0 and 2 days marked done in the week."""#x1B[39;49;00m#x1B[90m#x1B[39;49;00m
        response = api.post(#x1B[33m"#x1B[39;49;00m#x1B[33m/api/habits/drink-water/toggle#x1B[39;49;00m#x1B[33m"#x1B[39;49;00m, json={#x1B[33m"#x1B[39;49;00m#x1B[33mdate#x1B[39;49;00m#x1B[33m"#x1B[39;49;00m: #x1B[33m"#x1B[39;49;00m#x1B[33m2026-08-26#x1B[39;49;00m#x1B[33m"#x1B[39;49;00m})#x1B[90m#x1B[39;49;00m
&gt;       #x1B[94massert#x1B[39;49;00m response.status_code == #x1B[94m200#x1B[39;49;00m, #x1B[33mf#x1B[39;49;00m#x1B[33m"#x1B[39;49;00m#x1B[33m{#x1B[39;49;00mresponse.status_code#x1B[33m}#x1B[39;49;00m#x1B[33m: #x1B[39;49;00m#x1B[33m{#x1B[39;49;00mresponse.text#x1B[33m}#x1B[39;49;00m#x1B[33m"#x1B[39;49;00m#x1B[90m#x1B[39;49;00m
#x1B[1m#x1B[31mE       AssertionError: 501: {"error":"not implemented"}#x1B[0m
#x1B[1m#x1B[31mE       assert 501 == 200#x1B[0m
#x1B[1m#x1B[31mE        +  where 501 = &lt;Response [501 Not Implemented]&gt;.status_code#x1B[0m

#x1B[1m#x1B[31mskeleton/verify/test_api_toggle.py#x1B[0m:28: AssertionError</failure></testcase><testcase classname="skeleton.verify.test_api_toggle" name="test_c_3_3_toggling_read_pages_twice_lands_back_on_two_done_days" time="0.013"><failure message="AssertionError: 501: {&quot;error&quot;:&quot;not implemented&quot;}&#10;assert 501 == 200&#10; +  where 501 = &lt;Response [501 Not Implemented]&gt;.status_code">api = &lt;httpx.Client object at 0x782fc9962e10&gt;

    #x1B[0m#x1B[94mdef#x1B[39;49;00m#x1B[90m #x1B[39;49;00m#x1B[92mtest_c_3_3_toggling_read_pages_twice_lands_back_on_two_done_days#x1B[39;49;00m(api):#x1B[90m#x1B[39;49;00m
    #x1B[90m    #x1B[39;49;00m#x1B[33m"""c-3-3: POST /api/habits/read-pages/toggle twice with#x1B[39;49;00m
    #x1B[33m    {"date": "2026-08-26"} is 200 both times, streak 3 first and streak 0 with 2#x1B[39;49;00m
    #x1B[33m    days marked done second."""#x1B[39;49;00m#x1B[90m#x1B[39;49;00m
        first = api.post(#x1B[33m"#x1B[39;49;00m#x1B[33m/api/habits/read-pages/toggle#x1B[39;49;00m#x1B[33m"#x1B[39;49;00m, json={#x1B[33m"#x1B[39;49;00m#x1B[33mdate#x1B[39;49;00m#x1B[33m"#x1B[39;49;00m: #x1B[33m"#x1B[39;49;00m#x1B[33m2026-08-26#x1B[39;49;00m#x1B[33m"#x1B[39;49;00m})#x1B[90m#x1B[39;49;00m
&gt;       #x1B[94massert#x1B[39;49;00m first.status_code == #x1B[94m200#x1B[39;49;00m, #x1B[33mf#x1B[39;49;00m#x1B[33m"#x1B[39;49;00m#x1B[33m{#x1B[39;49;00mfirst.status_code#x1B[33m}#x1B[39;49;00m#x1B[33m: #x1B[39;49;00m#x1B[33m{#x1B[39;49;00mfirst.text#x1B[33m}#x1B[39;49;00m#x1B[33m"#x1B[39;49;00m#x1B[90m#x1B[39;49;00m
#x1B[1m#x1B[31mE       AssertionError: 501: {"error":"not implemented"}#x1B[0m
#x1B[1m#x1B[31mE       assert 501 == 200#x1B[0m
#x1B[1m#x1B[31mE        +  where 501 = &lt;Response [501 Not Implemented]&gt;.status_code#x1B[0m

#x1B[1m#x1B[31mskeleton/verify/test_api_toggle.py#x1B[0m:45: AssertionError</failure></testcase><testcase classname="skeleton.verify.test_api_toggle" name="test_c_3_4_the_error_branches_answer_404_or_400_and_write_nothing" time="0.015"><failure message="AssertionError: POST /api/habits/no-such-habit/toggle {'date': '2026-08-26'} -&gt; 501: {&quot;error&quot;:&quot;not implemented&quot;}&#10;assert 501 == 404&#10; +  where 501 = &lt;Response [501 Not Implemented]&gt;.status_code">api = &lt;httpx.Client object at 0x782fc9961460&gt;

    #x1B[0m#x1B[94mdef#x1B[39;49;00m#x1B[90m #x1B[39;49;00m#x1B[92mtest_c_3_4_the_error_branches_answer_404_or_400_and_write_nothing#x1B[39;49;00m(api):#x1B[90m#x1B[39;49;00m
    #x1B[90m    #x1B[39;49;00m#x1B[33m"""c-3-4: an unknown id is 404, a missing date, a non-date and a date outside#x1B[39;49;00m
    #x1B[33m    the tracked week are 400, all 4 carry a non-empty error string, and the store#x1B[39;49;00m
    #x1B[33m    file is byte-for-byte identical before and after the 4 requests."""#x1B[39;49;00m#x1B[90m#x1B[39;49;00m
        materialise = api.get(#x1B[33m"#x1B[39;49;00m#x1B[33m/api/habits#x1B[39;49;00m#x1B[33m"#x1B[39;49;00m)#x1B[90m#x1B[39;49;00m
        #x1B[94massert#x1B[39;49;00m materialise.status_code == #x1B[94m200#x1B[39;49;00m, materialise.text#x1B[90m#x1B[39;49;00m
        #x1B[94massert#x1B[39;49;00m store_path().exists(), #x1B[33mf#x1B[39;49;00m#x1B[33m"#x1B[39;49;00m#x1B[33m{#x1B[39;49;00mstore_path()#x1B[33m}#x1B[39;49;00m#x1B[33m was not written by GET /api/habits#x1B[39;49;00m#x1B[33m"#x1B[39;49;00m#x1B[90m#x1B[39;49;00m
        before = store_path().read_bytes()#x1B[90m#x1B[39;49;00m
    #x1B[90m#x1B[39;49;00m
        attempts = [#x1B[90m#x1B[39;49;00m
            (#x1B[33m"#x1B[39;49;00m#x1B[33m/api/habits/no-such-habit/toggle#x1B[39;49;00m#x1B[33m"#x1B[39;49;00m, {#x1B[33m"#x1B[39;49;00m#x1B[33mdate#x1B[39;49;00m#x1B[33m"#x1B[39;49;00m: #x1B[33m"#x1B[39;49;00m#x1B[33m2026-08-26#x1B[39;49;00m#x1B[33m"#x1B[39;49;00m}, #x1B[94m404#x1B[39;49;00m),#x1B[90m#x1B[39;49;00m
            (#x1B[33m"#x1B[39;49;00m#x1B[33m/api/habits/stretch/toggle#x1B[39;49;00m#x1B[33m"#x1B[39;49;00m, {}, #x1B[94m400#x1B[39;49;00m),#x1B[90m#x1B[39;49;00m
            (#x1B[33m"#x1B[39;49;00m#x1B[33m/api/habits/stretch/toggle#x1B[39;49;00m#x1B[33m"#x1B[39;49;00m, {#x1B[33m"#x1B[39;49;00m#x1B[33mdate#x1B[39;49;00m#x1B[33m"#x1B[39;49;00m: #x1B[33m"#x1B[39;49;00m#x1B[33mnot-a-date#x1B[39;49;00m#x1B[33m"#x1B[39;49;00m}, #x1B[94m400#x1B[39;49;00m),#x1B[90m#x1B[39;49;00m
            (#x1B[33m"#x1B[39;49;00m#x1B[33m/api/habits/stretch/toggle#x1B[39;49;00m#x1B[33m"#x1B[39;49;00m, {#x1B[33m"#x1B[39;49;00m#x1B[33mdate#x1B[39;49;00m#x1B[33m"#x1B[39;49;00m: #x1B[33m"#x1B[39;49;00m#x1B[33m2026-08-31#x1B[39;49;00m#x1B[33m"#x1B[39;49;00m}, #x1B[94m400#x1B[39;49;00m),#x1B[90m#x1B[39;49;00m
        ]#x1B[90m#x1B[39;49;00m
    #x1B[90m#x1B[39;49;00m
        #x1B[94mfor#x1B[39;49;00m path, payload, expected #x1B[95min#x1B[39;49;00m attempts:#x1B[90m#x1B[39;49;00m
            response = api.post(path, json=payload)#x1B[90m#x1B[39;49;00m
&gt;           #x1B[94massert#x1B[39;49;00m response.status_code == expected, (#x1B[90m#x1B[39;49;00m
                #x1B[33mf#x1B[39;49;00m#x1B[33m"#x1B[39;49;00m#x1B[33mPOST #x1B[39;49;00m#x1B[33m{#x1B[39;49;00mpath#x1B[33m}#x1B[39;49;00m#x1B[33m #x1B[39;49;00m#x1B[33m{#x1B[39;49;00mpayload#x1B[33m}#x1B[39;49;00m#x1B[33m -&gt; #x1B[39;49;00m#x1B[33m{#x1B[39;49;00mresponse.status_code#x1B[33m}#x1B[39;49;00m#x1B[33m: #x1B[39;49;00m#x1B[33m{#x1B[39;49;00mresponse.text#x1B[33m}#x1B[39;49;00m#x1B[33m"#x1B[39;49;00m#x1B[90m#x1B[39;49;00m
            )#x1B[90m#x1B[39;49;00m
#x1B[1m#x1B[31mE           AssertionError: POST /api/habits/no-such-habit/toggle {'date': '2026-08-26'} -&gt; 501: {"error":"not implemented"}#x1B[0m
#x1B[1m#x1B[31mE           assert 501 == 404#x1B[0m
#x1B[1m#x1B[31mE            +  where 501 = &lt;Response [501 Not Implemented]&gt;.status_code#x1B[0m

#x1B[1m#x1B[31mskeleton/verify/test_api_toggle.py#x1B[0m:75: AssertionError</failure></testcase><testcase classname="skeleton.verify.test_ui_board" name="test_c_1_4_board_renders_four_rows_and_drink_waters_streak_reads_five" time="20.338"><failure message="AssertionError: Locator expected to have text 'Streak: 5'&#10;Actual value: Streak: -1 &#10;Call log:&#10;  - Expect &quot;to_have_text&quot; with timeout 20000ms&#10;  - waiting for locator(&quot;[data-testid=\&quot;habit-row\&quot;][data-habit-id=\&quot;drink-water\&quot;]&quot;).get_by_test_id(&quot;habit-streak&quot;)&#10;    43 × locator resolved to &lt;span class=&quot;page_streak__PQq09&quot; data-testid=&quot;habit-streak&quot;&gt;Streak: -1&lt;/span&gt;&#10;       - unexpected value &quot;Streak: -1&quot;&#10;&#10;Aria snapshot:&#10;- text: &quot;Streak: -1&quot;">page = &lt;Page url='http://127.0.0.1:42497/'&gt;

    #x1B[0m#x1B[94mdef#x1B[39;49;00m#x1B[90m #x1B[39;49;00m#x1B[92mtest_c_1_4_board_renders_four_rows_and_drink_waters_streak_reads_five#x1B[39;49;00m(page):#x1B[90m#x1B[39;49;00m
    #x1B[90m    #x1B[39;49;00m#x1B[33m"""c-1-4: 4 habit-row elements, and the row with data-habit-id drink-water#x1B[39;49;00m
    #x1B[33m    holds a habit-streak element whose text is exactly Streak: 5."""#x1B[39;49;00m#x1B[90m#x1B[39;49;00m
        open_board(page)#x1B[90m#x1B[39;49;00m
        expect(rows(page)).to_have_count(#x1B[94m4#x1B[39;49;00m, timeout=LOAD_TIMEOUT)#x1B[90m#x1B[39;49;00m
    #x1B[90m#x1B[39;49;00m
        streak = row(page, #x1B[33m"#x1B[39;49;00m#x1B[33mdrink-water#x1B[39;49;00m#x1B[33m"#x1B[39;49;00m).get_by_test_id(#x1B[33m"#x1B[39;49;00m#x1B[33mhabit-streak#x1B[39;49;00m#x1B[33m"#x1B[39;49;00m)#x1B[90m#x1B[39;49;00m
        expect(streak).to_have_count(#x1B[94m1#x1B[39;49;00m, timeout=LOAD_TIMEOUT)#x1B[90m#x1B[39;49;00m
&gt;       expect(streak).to_have_text(#x1B[33m"#x1B[39;49;00m#x1B[33mStreak: 5#x1B[39;49;00m#x1B[33m"#x1B[39;49;00m, timeout=LOAD_TIMEOUT)#x1B[90m#x1B[39;49;00m
#x1B[1m#x1B[31mE       AssertionError: Locator expected to have text 'Streak: 5'#x1B[0m
#x1B[1m#x1B[31mE       Actual value: Streak: -1 #x1B[0m
#x1B[1m#x1B[31mE       Call log:#x1B[0m
#x1B[1m#x1B[31mE         - Expect "to_have_text" with timeout 20000ms#x1B[0m
#x1B[1m#x1B[31mE         - waiting for locator("[data-testid=\"habit-row\"][data-habit-id=\"drink-water\"]").get_by_test_id("habit-streak")#x1B[0m
#x1B[1m#x1B[31mE           43 × locator resolved to &lt;span class="page_streak__PQq09" data-testid="habit-streak"&gt;Streak: -1&lt;/span&gt;#x1B[0m
#x1B[1m#x1B[31mE              - unexpected value "Streak: -1"#x1B[0m
#x1B[1m#x1B[31mE       #x1B[0m
#x1B[1m#x1B[31mE       Aria snapshot:#x1B[0m
#x1B[1m#x1B[31mE       - text: "Streak: -1"#x1B[0m

#x1B[1m#x1B[31mskeleton/verify/test_ui_board.py#x1B[0m:28: AssertionError</failure></testcase><testcase classname="skeleton.verify.test_ui_board" name="test_c_1_5_drink_waters_row_holds_seven_cells_with_three_done" time="20.126"><failure message="AssertionError: Locator expected to have count '7'&#10;Actual value: 0 &#10;Call log:&#10;  - Expect &quot;to_have_count&quot; with timeout 20000ms&#10;  - waiting for locator(&quot;[data-testid=\&quot;habit-row\&quot;][data-habit-id=\&quot;drink-water\&quot;]&quot;).get_by_test_id(&quot;day-cell&quot;)&#10;    43 × locator resolved to 0 elements&#10;       - unexpected value &quot;0&quot;">page = &lt;Page url='http://127.0.0.1:42497/'&gt;

    #x1B[0m#x1B[94mdef#x1B[39;49;00m#x1B[90m #x1B[39;49;00m#x1B[92mtest_c_1_5_drink_waters_row_holds_seven_cells_with_three_done#x1B[39;49;00m(page):#x1B[90m#x1B[39;49;00m
    #x1B[90m    #x1B[39;49;00m#x1B[33m"""c-1-5: 7 day-cell elements inside the drink-water row, data-done the#x1B[39;49;00m
    #x1B[33m    string true on 2026-08-24, 2026-08-25 and 2026-08-26 and the string false on#x1B[39;49;00m
    #x1B[33m    the other 4."""#x1B[39;49;00m#x1B[90m#x1B[39;49;00m
        open_board(page)#x1B[90m#x1B[39;49;00m
        water = row(page, #x1B[33m"#x1B[39;49;00m#x1B[33mdrink-water#x1B[39;49;00m#x1B[33m"#x1B[39;49;00m)#x1B[90m#x1B[39;49;00m
        expect(water).to_have_count(#x1B[94m1#x1B[39;49;00m, timeout=LOAD_TIMEOUT)#x1B[90m#x1B[39;49;00m
&gt;       expect(cells(water)).to_have_count(#x1B[94m7#x1B[39;49;00m, timeout=LOAD_TIMEOUT)#x1B[90m#x1B[39;49;00m
#x1B[1m#x1B[31mE       AssertionError: Locator expected to have count '7'#x1B[0m
#x1B[1m#x1B[31mE       Actual value: 0 #x1B[0m
#x1B[1m#x1B[31mE       Call log:#x1B[0m
#x1B[1m#x1B[31mE         - Expect "to_have_count" with timeout 20000ms#x1B[0m
#x1B[1m#x1B[31mE         - waiting for locator("[data-testid=\"habit-row\"][data-habit-id=\"drink-water\"]").get_by_test_id("day-cell")#x1B[0m
#x1B[1m#x1B[31mE           43 × locator resolved to 0 elements#x1B[0m
#x1B[1m#x1B[31mE              - unexpected value "0"#x1B[0m

#x1B[1m#x1B[31mskeleton/verify/test_ui_board.py#x1B[0m:38: AssertionError</failure></testcase><testcase classname="skeleton.verify.test_ui_board" name="test_c_3_5_clicking_a_cell_updates_only_that_row_without_a_second_list_fetch" time="20.129"><failure message="AssertionError: Locator expected to have count '1'&#10;Actual value: 0 &#10;Call log:&#10;  - Expect &quot;to_have_count&quot; with timeout 20000ms&#10;  - waiting for locator(&quot;[data-testid=\&quot;habit-row\&quot;][data-habit-id=\&quot;meditate\&quot;]&quot;).locator(&quot;[data-testid=\&quot;day-cell\&quot;][data-date=\&quot;2026-08-26\&quot;]&quot;)&#10;    43 × locator resolved to 0 elements&#10;       - unexpected value &quot;0&quot;">page = &lt;Page url='http://127.0.0.1:42497/'&gt;

    #x1B[0m#x1B[94mdef#x1B[39;49;00m#x1B[90m #x1B[39;49;00m#x1B[92mtest_c_3_5_clicking_a_cell_updates_only_that_row_without_a_second_list_fetch#x1B[39;49;00m(page):#x1B[90m#x1B[39;49;00m
    #x1B[90m    #x1B[39;49;00m#x1B[33m"""c-3-5: clicking the 2026-08-26 cell in the meditate row flips that cell's#x1B[39;49;00m
    #x1B[33m    data-done to the string true and that row's habit-streak to Streak: 1, leaves#x1B[39;49;00m
    #x1B[33m    the drink-water row at Streak: 5, and the browser issues exactly 1 GET whose#x1B[39;49;00m
    #x1B[33m    path is /api/habits from opening / to the end of that click."""#x1B[39;49;00m#x1B[90m#x1B[39;49;00m
        list_gets: #x1B[96mlist#x1B[39;49;00m[#x1B[96mstr#x1B[39;49;00m] = []#x1B[90m#x1B[39;49;00m
    #x1B[90m#x1B[39;49;00m
        #x1B[94mdef#x1B[39;49;00m#x1B[90m #x1B[39;49;00m#x1B[92mrecord#x1B[39;49;00m(request) -&gt; #x1B[94mNone#x1B[39;49;00m:#x1B[90m#x1B[39;49;00m
            #x1B[94mif#x1B[39;49;00m request.method == #x1B[33m"#x1B[39;49;00m#x1B[33mGET#x1B[39;49;00m#x1B[33m"#x1B[39;49;00m #x1B[95mand#x1B[39;49;00m urlsplit(request.url).path == #x1B[33m"#x1B[39;49;00m#x1B[33m/api/habits#x1B[39;49;00m#x1B[33m"#x1B[39;49;00m:#x1B[90m#x1B[39;49;00m
                list_gets.append(request.url)#x1B[90m#x1B[39;49;00m
    #x1B[90m#x1B[39;49;00m
        page.on(#x1B[33m"#x1B[39;49;00m#x1B[33mrequest#x1B[39;49;00m#x1B[33m"#x1B[39;49;00m, record)#x1B[90m#x1B[39;49;00m
    #x1B[90m#x1B[39;49;00m
        open_board(page)#x1B[90m#x1B[39;49;00m
        expect(rows(page)).to_have_count(#x1B[94m4#x1B[39;49;00m, timeout=LOAD_TIMEOUT)#x1B[90m#x1B[39;49;00m
    #x1B[90m#x1B[39;49;00m
        meditate = row(page, #x1B[33m"#x1B[39;49;00m#x1B[33mmeditate#x1B[39;49;00m#x1B[33m"#x1B[39;49;00m)#x1B[90m#x1B[39;49;00m
        target = cell(meditate, #x1B[33m"#x1B[39;49;00m#x1B[33m2026-08-26#x1B[39;49;00m#x1B[33m"#x1B[39;49;00m)#x1B[90m#x1B[39;49;00m
&gt;       expect(target).to_have_count(#x1B[94m1#x1B[39;49;00m, timeout=LOAD_TIMEOUT)#x1B[90m#x1B[39;49;00m
#x1B[1m#x1B[31mE       AssertionError: Locator expected to have count '1'#x1B[0m
#x1B[1m#x1B[31mE       Actual value: 0 #x1B[0m
#x1B[1m#x1B[31mE       Call log:#x1B[0m
#x1B[1m#x1B[31mE         - Expect "to_have_count" with timeout 20000ms#x1B[0m
#x1B[1m#x1B[31mE         - waiting for locator("[data-testid=\"habit-row\"][data-habit-id=\"meditate\"]").locator("[data-testid=\"day-cell\"][data-date=\"2026-08-26\"]")#x1B[0m
#x1B[1m#x1B[31mE           43 × locator resolved to 0 elements#x1B[0m
#x1B[1m#x1B[31mE              - unexpected value "0"#x1B[0m

#x1B[1m#x1B[31mskeleton/verify/test_ui_board.py#x1B[0m:65: AssertionError</failure></testcase><testcase classname="skeleton.verify.test_ui_habit" name="test_c_2_3_read_pages_page_shows_seven_cells_with_two_done" time="20.089"><failure message="AssertionError: Locator expected to have count '7'&#10;Actual value: 0 &#10;Call log:&#10;  - Expect &quot;to_have_count&quot; with timeout 20000ms&#10;  - waiting for get_by_test_id(&quot;day-cell&quot;)&#10;    43 × locator resolved to 0 elements&#10;       - unexpected value &quot;0&quot;">page = &lt;Page url='http://127.0.0.1:42497/habits/read-pages'&gt;

    #x1B[0m#x1B[94mdef#x1B[39;49;00m#x1B[90m #x1B[39;49;00m#x1B[92mtest_c_2_3_read_pages_page_shows_seven_cells_with_two_done#x1B[39;49;00m(page):#x1B[90m#x1B[39;49;00m
    #x1B[90m    #x1B[39;49;00m#x1B[33m"""c-2-3: /habits/read-pages renders 7 day-cell elements, data-done the#x1B[39;49;00m
    #x1B[33m    string true on 2026-08-24 and 2026-08-25 and the string false on the other#x1B[39;49;00m
    #x1B[33m    5."""#x1B[39;49;00m#x1B[90m#x1B[39;49;00m
        open_habit(page, #x1B[33m"#x1B[39;49;00m#x1B[33mread-pages#x1B[39;49;00m#x1B[33m"#x1B[39;49;00m)#x1B[90m#x1B[39;49;00m
&gt;       expect(cells(page)).to_have_count(#x1B[94m7#x1B[39;49;00m, timeout=LOAD_TIMEOUT)#x1B[90m#x1B[39;49;00m
#x1B[1m#x1B[31mE       AssertionError: Locator expected to have count '7'#x1B[0m
#x1B[1m#x1B[31mE       Actual value: 0 #x1B[0m
#x1B[1m#x1B[31mE       Call log:#x1B[0m
#x1B[1m#x1B[31mE         - Expect "to_have_count" with timeout 20000ms#x1B[0m
#x1B[1m#x1B[31mE         - waiting for get_by_test_id("day-cell")#x1B[0m
#x1B[1m#x1B[31mE           43 × locator resolved to 0 elements#x1B[0m
#x1B[1m#x1B[31mE              - unexpected value "0"#x1B[0m

#x1B[1m#x1B[31mskeleton/verify/test_ui_habit.py#x1B[0m:14: AssertionError</failure></testcase><testcase classname="skeleton.verify.test_ui_habit" name="test_c_2_4_stretch_page_shows_its_name_and_streak_one" time="20.059"><failure message="AssertionError: Locator expected to have count '1'&#10;Actual value: 0 &#10;Call log:&#10;  - Expect &quot;to_have_count&quot; with timeout 20000ms&#10;  - waiting for get_by_test_id(&quot;habit-name&quot;)&#10;    43 × locator resolved to 0 elements&#10;       - unexpected value &quot;0&quot;">page = &lt;Page url='http://127.0.0.1:42497/habits/stretch'&gt;

    #x1B[0m#x1B[94mdef#x1B[39;49;00m#x1B[90m #x1B[39;49;00m#x1B[92mtest_c_2_4_stretch_page_shows_its_name_and_streak_one#x1B[39;49;00m(page):#x1B[90m#x1B[39;49;00m
    #x1B[90m    #x1B[39;49;00m#x1B[33m"""c-2-4: /habits/stretch shows a habit-name element reading exactly Stretch#x1B[39;49;00m
    #x1B[33m    and a habit-streak element reading exactly Streak: 1."""#x1B[39;49;00m#x1B[90m#x1B[39;49;00m
        open_habit(page, #x1B[33m"#x1B[39;49;00m#x1B[33mstretch#x1B[39;49;00m#x1B[33m"#x1B[39;49;00m)#x1B[90m#x1B[39;49;00m
    #x1B[90m#x1B[39;49;00m
        name = page.get_by_test_id(#x1B[33m"#x1B[39;49;00m#x1B[33mhabit-name#x1B[39;49;00m#x1B[33m"#x1B[39;49;00m)#x1B[90m#x1B[39;49;00m
&gt;       expect(name).to_have_count(#x1B[94m1#x1B[39;49;00m, timeout=LOAD_TIMEOUT)#x1B[90m#x1B[39;49;00m
#x1B[1m#x1B[31mE       AssertionError: Locator expected to have count '1'#x1B[0m
#x1B[1m#x1B[31mE       Actual value: 0 #x1B[0m
#x1B[1m#x1B[31mE       Call log:#x1B[0m
#x1B[1m#x1B[31mE         - Expect "to_have_count" with timeout 20000ms#x1B[0m
#x1B[1m#x1B[31mE         - waiting for get_by_test_id("habit-name")#x1B[0m
#x1B[1m#x1B[31mE           43 × locator resolved to 0 elements#x1B[0m
#x1B[1m#x1B[31mE              - unexpected value "0"#x1B[0m

#x1B[1m#x1B[31mskeleton/verify/test_ui_habit.py#x1B[0m:29: AssertionError</failure></testcase><testcase classname="skeleton.verify.test_ui_habit" name="test_c_2_5_unknown_id_shows_habit_not_found_and_nothing_else" time="20.111"><failure message="AssertionError: Locator expected to have count '1'&#10;Actual value: 0 &#10;Call log:&#10;  - Expect &quot;to_have_count&quot; with timeout 20000ms&#10;  - waiting for get_by_test_id(&quot;habit-missing&quot;)&#10;    43 × locator resolved to 0 elements&#10;       - unexpected value &quot;0&quot;">page = &lt;Page url='http://127.0.0.1:42497/habits/no-such-habit'&gt;

    #x1B[0m#x1B[94mdef#x1B[39;49;00m#x1B[90m #x1B[39;49;00m#x1B[92mtest_c_2_5_unknown_id_shows_habit_not_found_and_nothing_else#x1B[39;49;00m(page):#x1B[90m#x1B[39;49;00m
    #x1B[90m    #x1B[39;49;00m#x1B[33m"""c-2-5: /habits/no-such-habit shows a habit-missing element reading exactly#x1B[39;49;00m
    #x1B[33m    Habit not found, 0 day-cell elements, and no habit-name and no habit-streak#x1B[39;49;00m
    #x1B[33m    element."""#x1B[39;49;00m#x1B[90m#x1B[39;49;00m
        open_habit(page, #x1B[33m"#x1B[39;49;00m#x1B[33mno-such-habit#x1B[39;49;00m#x1B[33m"#x1B[39;49;00m)#x1B[90m#x1B[39;49;00m
    #x1B[90m#x1B[39;49;00m
        missing = page.get_by_test_id(#x1B[33m"#x1B[39;49;00m#x1B[33mhabit-missing#x1B[39;49;00m#x1B[33m"#x1B[39;49;00m)#x1B[90m#x1B[39;49;00m
&gt;       expect(missing).to_have_count(#x1B[94m1#x1B[39;49;00m, timeout=LOAD_TIMEOUT)#x1B[90m#x1B[39;49;00m
#x1B[1m#x1B[31mE       AssertionError: Locator expected to have count '1'#x1B[0m
#x1B[1m#x1B[31mE       Actual value: 0 #x1B[0m
#x1B[1m#x1B[31mE       Call log:#x1B[0m
#x1B[1m#x1B[31mE         - Expect "to_have_count" with timeout 20000ms#x1B[0m
#x1B[1m#x1B[31mE         - waiting for get_by_test_id("habit-missing")#x1B[0m
#x1B[1m#x1B[31mE           43 × locator resolved to 0 elements#x1B[0m
#x1B[1m#x1B[31mE              - unexpected value "0"#x1B[0m

#x1B[1m#x1B[31mskeleton/verify/test_ui_habit.py#x1B[0m:44: AssertionError</failure></testcase></testsuite></testsuites>