<?xml version="1.0" encoding="utf-8"?><testsuites name="pytest tests"><testsuite name="pytest" errors="0" failures="0" skipped="0" tests="11" time="8.235" timestamp="2026-08-29T12:42:39.357368+05:30" hostname="HERO"><testcase classname="verify.test_api_check" name="test_c_2_1_boat_solution_is_solved_and_a_moved_cell_violates_column_zero" time="0.803" /><testcase classname="verify.test_api_check" name="test_c_2_2_check_answers_satisfied_open_and_violated_and_reads_crossed" time="0.312" /><testcase classname="verify.test_api_check" name="test_c_2_3_house_row_three_filled_grades_both_axes_of_an_eight_by_eight" time="0.313" /><testcase classname="verify.test_api_check" name="test_c_2_4_unknown_id_is_404_and_a_bad_grid_is_400_with_only_an_error_key" time="0.413" /><testcase classname="verify.test_api_puzzles" name="test_c_1_1_puzzles_list_is_boat_blanks_house_with_the_boat_row_clues" time="0.339" /><testcase classname="verify.test_api_puzzles" name="test_c_1_2_puzzles_list_col_clues_are_transposed_for_boat_and_house" time="0.311" /><testcase classname="verify.test_api_puzzles" name="test_c_1_3_puzzles_list_blanks_row_clues_cover_the_empty_full_and_last_cell_runs" time="0.299" /><testcase classname="verify.test_ui_board" name="test_c_1_4_blanks_board_draws_25_empty_cells_and_two_open_clue_strips" time="2.518" /><testcase classname="verify.test_ui_board" name="test_c_1_5_unknown_puzzle_id_shows_puzzle_not_found_and_no_board" time="0.342" /><testcase classname="verify.test_ui_clicks" name="test_c_2_5_clicking_one_cell_cycles_empty_filled_crossed_empty" time="1.067" /><testcase classname="verify.test_ui_clicks" name="test_c_2_6_clicking_the_blanks_solution_satisfies_every_clue_and_solves" time="1.342" /></testsuite></testsuites>