<?xml version="1.0" encoding="utf-8"?><testsuites name="pytest tests"><testsuite name="pytest" errors="0" failures="0" skipped="0" tests="22" time="4.355" timestamp="2026-08-27T11:48:22.958142+05:30" hostname="nxtwave-Z790-D-AX"><testcase classname="verify.test_api_recipes" name="test_c_1_1_recipes_list_returns_200_with_the_eight_seed_recipes" time="0.029" /><testcase classname="verify.test_api_recipes" name="test_c_1_2_recipes_list_holds_eight_objects_and_the_pasta_entry_in_full" time="0.012" /><testcase classname="verify.test_api_recipes" name="test_c_2_1_query_filter_is_case_insensitive" time="0.016" /><testcase classname="verify.test_api_recipes" name="test_c_2_2_tag_filter_alone_and_together_with_the_query" time="0.014" /><testcase classname="verify.test_api_recipes" name="test_c_3_1_recipe_get_returns_200_with_the_stored_recipe" time="0.013" /><testcase classname="verify.test_api_recipes" name="test_c_3_2_recipe_get_returns_404_with_an_error_body_for_an_unknown_id" time="0.014" /><testcase classname="verify.test_api_tags" name="test_c_2_3_tags_list_returns_the_five_distinct_tags_in_order" time="0.013" /><testcase classname="verify.test_ui_list" name="test_c_1_3_list_renders_one_card_per_seed_recipe" time="0.322" /><testcase classname="verify.test_ui_list" name="test_c_1_4_pasta_card_links_and_reads_its_title_minutes_and_serves" time="0.104" /><testcase classname="verify.test_ui_list" name="test_c_1_5_every_card_carries_one_card_tag_per_tag" time="0.121" /><testcase classname="verify.test_ui_list" name="test_c_2_4_typing_in_the_search_box_filters_the_list_and_the_url" time="0.204" /><testcase classname="verify.test_ui_list" name="test_c_2_5_the_tag_chip_toggles_the_list_and_the_url" time="0.212" /><testcase classname="verify.test_ui_list" name="test_c_2_6_the_chip_keeps_the_search_the_box_already_put_in_the_url" time="0.235" /><testcase classname="verify.test_ui_recipe" name="test_c_3_3_pasta_renders_one_ingredient_row_per_ingredient" time="0.136" /><testcase classname="verify.test_ui_recipe" name="test_c_3_4_pasta_renders_four_numbered_steps_in_stored_order" time="0.167" /><testcase classname="verify.test_ui_recipe" name="test_c_3_5_an_unknown_id_shows_the_not_found_message" time="0.106" /><testcase classname="verify.test_ui_servings" name="test_c_4_1_two_plus_clicks_take_the_count_from_four_to_six" time="0.219" /><testcase classname="verify.test_ui_servings" name="test_c_4_2_whole_quantity_scales_from_four_to_six_servings" time="0.243" /><testcase classname="verify.test_ui_servings" name="test_c_4_3_fraction_scales_and_reduces_from_four_to_six_servings" time="0.220" /><testcase classname="verify.test_ui_servings" name="test_c_4_4_up_then_down_lands_back_on_the_stored_quantity" time="0.317" /><testcase classname="verify.test_ui_servings" name="test_c_4_5_lower_clamp_holds_the_count_at_one" time="0.352" /><testcase classname="verify.test_ui_servings" name="test_c_4_6_upper_clamp_holds_the_count_at_twenty_four" time="1.247" /></testsuite></testsuites>