<?xml version="1.0" encoding="utf-8"?><testsuites name="pytest tests"><testsuite name="pytest" errors="0" failures="0" skipped="0" tests="12" time="11.640" timestamp="2026-09-02T20:49:22.052712+05:30" hostname="HERO"><testcase classname="verify.test_api_games" name="test_c_1_1_games_are_the_four_seeded_games_in_seed_order" time="0.826" /><testcase classname="verify.test_api_games" name="test_c_1_2_mixed_game_splits_into_ten_frames_with_a_three_roll_tenth" time="0.506" /><testcase classname="verify.test_api_games" name="test_c_1_3_partial_game_stops_after_six_frames_when_the_rolls_run_out" time="0.539" /><testcase classname="verify.test_api_score" name="test_c_2_1_perfect_game_scores_thirty_a_frame_to_three_hundred" time="0.536" /><testcase classname="verify.test_api_score" name="test_c_2_2_mixed_game_cumulative_array_that_thirty_a_frame_cannot_fake" time="0.547" /><testcase classname="verify.test_api_score" name="test_c_2_3_partial_game_leaves_its_last_two_frames_null" time="0.556" /><testcase classname="verify.test_api_score" name="test_c_2_4_total_is_the_last_scored_frame_for_partial_and_zero_for_gutter" time="0.548" /><testcase classname="verify.test_api_score" name="test_c_2_5_bad_rolls_and_bad_json_are_the_same_four_hundred_and_empty_is_a_game" time="0.585" /><testcase classname="verify.test_ui_game" name="test_c_1_4_perfect_game_draws_ten_frame_boxes_ending_in_x_x_x" time="5.075" /><testcase classname="verify.test_ui_game" name="test_c_1_5_mixed_game_boxes_read_their_roll_symbols" time="0.600" /><testcase classname="verify.test_ui_game" name="test_c_1_6_unknown_id_says_so_and_draws_no_grid" time="0.447" /><testcase classname="verify.test_ui_game" name="test_c_2_6_partial_game_score_column_runs_out_into_two_empty_cells" time="0.764" /></testsuite></testsuites>