<?xml version="1.0" encoding="utf-8"?><testsuites name="pytest tests"><testsuite name="pytest" errors="0" failures="0" skipped="0" tests="17" time="74.609" timestamp="2026-09-08T02:47:27.325062+05:30" hostname="HERO"><testcase classname="verify.test_api_core" name="test_c_1_1_post_games_creates_and_echoes_seed" time="5.863" /><testcase classname="verify.test_api_core" name="test_c_1_2_post_guess_persists_code_black_white_unscored_or_present" time="3.148" /><testcase classname="verify.test_api_core" name="test_c_2_1_get_game_returns_seed_and_empty_guesses_for_new_game" time="3.272" /><testcase classname="verify.test_api_core" name="test_c_2_2_post_guess_equal_to_secret_returns_black4_white0" time="3.447" /><testcase classname="verify.test_api_core" name="test_c_2_3_permuted_all_colours_black0_white4" time="3.252" /><testcase classname="verify.test_api_core" name="test_c_2_4_get_game_returns_guesses_with_numeric_scores" time="3.324" /><testcase classname="verify.test_api_hint" name="test_c_3_1_hint_no_guesses_remaining_1296_and_suggestion_zeros" time="3.506" /><testcase classname="verify.test_api_hint" name="test_c_3_2_hint_remaining_matches_consistent_set_for_one_guess" time="3.310" /><testcase classname="verify.test_api_hint" name="test_c_3_4_two_games_identical_histories_same_suggestion" time="3.309" /><testcase classname="verify.test_api_list_branch" name="test_c_4_1_games_list_returns_summaries_with_guess_counts" time="3.719" /><testcase classname="verify.test_api_list_branch" name="test_c_4_4_branch_endpoint_creates_new_game_with_k_copied_guesses" time="3.772" /><testcase classname="verify.test_ui_games" name="test_c_4_2_games_list_renders_one_row_per_game" time="7.490" /><testcase classname="verify.test_ui_games" name="test_c_4_3_resume_navigates_to_board_with_correct_guess_rows" time="5.215" /><testcase classname="verify.test_ui_play" name="test_c_1_3_submit_one_guess_renders_exactly_one_row" time="5.956" /><testcase classname="verify.test_ui_play" name="test_c_2_5_row_shows_black_and_white_counts_matching_secret" time="4.845" /><testcase classname="verify.test_ui_play" name="test_c_3_3_page_shows_hint_remaining_and_suggestion" time="4.720" /><testcase classname="verify.test_ui_play" name="test_c_4_5_branch_here_button_renders_k_rows" time="6.225" /></testsuite></testsuites>