<?xml version="1.0" encoding="utf-8"?><testsuites name="pytest tests"><testsuite name="pytest" errors="0" failures="14" skipped="0" tests="14" time="80.505" timestamp="2026-09-05T15:11:51.655334+05:30" hostname="HERO"><testcase classname="skeleton.verify.test_api_transactions" name="test_c_1_1_get_transactions_returns_array_with_required_fields" time="0.409"><failure message="AssertionError: Expected 200 from http://127.0.0.1:59583/api/transactions, got 500&#10;assert 500 == 200&#10; +  where 500 = &lt;Response [500 Internal Server Error]&gt;.status_code">base_url = 'http://127.0.0.1:59583'

    def test_c_1_1_get_transactions_returns_array_with_required_fields(base_url):
        url = f"{base_url}/api/transactions"
        resp = httpx.get(url, timeout=10)
&gt;       assert resp.status_code == 200, f"Expected 200 from {url}, got {resp.status_code}"
E       AssertionError: Expected 200 from http://127.0.0.1:59583/api/transactions, got 500
E       assert 500 == 200
E        +  where 500 = &lt;Response [500 Internal Server Error]&gt;.status_code

skeleton\verify\test_api_transactions.py:7: AssertionError</failure></testcase><testcase classname="skeleton.verify.test_ui_session1" name="test_c_1_2_ui_renders_one_row_per_transaction" time="2.629"><failure message="assert 500 == 200&#10; +  where 500 = &lt;Response [500 Internal Server Error]&gt;.status_code">page = &lt;Page url='about:blank'&gt;, base_url = 'http://127.0.0.1:59583'

    def test_c_1_2_ui_renders_one_row_per_transaction(page, base_url):
        # Fetch API length as the source of truth, then compare to rendered row count
&gt;       txs = _get_transactions(base_url)
              ^^^^^^^^^^^^^^^^^^^^^^^^^^^

skeleton\verify\test_ui_session1.py:13: 
_ _ _ _ _ _ _ _ _ _ _ _ _ _ _ _ _ _ _ _ _ _ _ _ _ _ _ _ _ _ _ _ _ _ _ _ _ _ _ _

base_url = 'http://127.0.0.1:59583'

    def _get_transactions(base_url):
        resp = httpx.get(f"{base_url}/api/transactions", timeout=10)
&gt;       assert resp.status_code == 200
E       assert 500 == 200
E        +  where 500 = &lt;Response [500 Internal Server Error]&gt;.status_code

skeleton\verify\test_ui_session1.py:7: AssertionError</failure></testcase><testcase classname="skeleton.verify.test_ui_session1" name="test_c_1_3_ui_renders_each_row_memo" time="1.559"><failure message="assert 500 == 200&#10; +  where 500 = &lt;Response [500 Internal Server Error]&gt;.status_code">page = &lt;Page url='about:blank'&gt;, base_url = 'http://127.0.0.1:59583'

    def test_c_1_3_ui_renders_each_row_memo(page, base_url):
&gt;       txs = _get_transactions(base_url)
              ^^^^^^^^^^^^^^^^^^^^^^^^^^^

skeleton\verify\test_ui_session1.py:22: 
_ _ _ _ _ _ _ _ _ _ _ _ _ _ _ _ _ _ _ _ _ _ _ _ _ _ _ _ _ _ _ _ _ _ _ _ _ _ _ _

base_url = 'http://127.0.0.1:59583'

    def _get_transactions(base_url):
        resp = httpx.get(f"{base_url}/api/transactions", timeout=10)
&gt;       assert resp.status_code == 200
E       assert 500 == 200
E        +  where 500 = &lt;Response [500 Internal Server Error]&gt;.status_code

skeleton\verify\test_ui_session1.py:7: AssertionError</failure></testcase><testcase classname="skeleton.verify.test_ui_session2" name="test_c_2_1_category_transport_for_uber_trip_downtown" time="6.639"><failure message="playwright._impl._errors.TimeoutError: Page.wait_for_selector: Timeout 5000ms exceeded.&#10;Call log:&#10;  - waiting for locator(&quot;[data-testid=\&quot;tx-row\&quot;]&quot;) to be visible">page = &lt;Page url='http://127.0.0.1:59583/'&gt;, base_url = 'http://127.0.0.1:59583'

    def test_c_2_1_category_transport_for_uber_trip_downtown(page, base_url):
        page.goto(base_url)
&gt;       page.wait_for_selector('[data-testid="tx-row"]')

skeleton\verify\test_ui_session2.py:25: 
_ _ _ _ _ _ _ _ _ _ _ _ _ _ _ _ _ _ _ _ _ _ _ _ _ _ _ _ _ _ _ _ _ _ _ _ _ _ _ _
.pipeline\venv\Lib\site-packages\playwright\sync_api\_generated.py:9033: in wait_for_selector
    self._sync(
.pipeline\venv\Lib\site-packages\playwright\_impl\_page.py:427: in wait_for_selector
    return await self._main_frame.wait_for_selector(**locals_to_params(locals()))
           ^^^^^^^^^^^^^^^^^^^^^^^^^^^^^^^^^^^^^^^^^^^^^^^^^^^^^^^^^^^^^^^^^^^^^^
.pipeline\venv\Lib\site-packages\playwright\_impl\_frame.py:394: in wait_for_selector
    await self._channel.send(
.pipeline\venv\Lib\site-packages\playwright\_impl\_connection.py:76: in send
    return await self._connection.wrap_api_call(
_ _ _ _ _ _ _ _ _ _ _ _ _ _ _ _ _ _ _ _ _ _ _ _ _ _ _ _ _ _ _ _ _ _ _ _ _ _ _ _

self = &lt;playwright._impl._connection.Connection object at 0x000002A30CB607D0&gt;
cb = &lt;function Channel.send.&lt;locals&gt;.&lt;lambda&gt; at 0x000002A30C7C8D50&gt;
is_internal = False, title = None

    async def wrap_api_call(
        self, cb: Callable[[], Any], is_internal: bool = False, title: str = None
    ) -&gt; Any:
        if self._api_zone.get():
            return await cb()
        task = asyncio.current_task(self._loop)
        parsed_st = _attach_api_call_information(
            getattr(task, "__pw_stack__", None) or _capture_stack_trace(),
            is_internal,
            title,
        )
        self._api_zone.set(parsed_st)
        try:
            return await cb()
        except Exception as error:
&gt;           raise rewrite_error(error, f"{parsed_st['apiName']}: {error}") from None
E           playwright._impl._errors.TimeoutError: Page.wait_for_selector: Timeout 5000ms exceeded.
E           Call log:
E             - waiting for locator("[data-testid=\"tx-row\"]") to be visible

.pipeline\venv\Lib\site-packages\playwright\_impl\_connection.py:632: TimeoutError</failure></testcase><testcase classname="skeleton.verify.test_ui_session2" name="test_c_2_2_rule_label_for_uber_trip_downtown" time="6.541"><failure message="playwright._impl._errors.TimeoutError: Page.wait_for_selector: Timeout 5000ms exceeded.&#10;Call log:&#10;  - waiting for locator(&quot;[data-testid=\&quot;tx-row\&quot;]&quot;) to be visible">page = &lt;Page url='http://127.0.0.1:59583/'&gt;, base_url = 'http://127.0.0.1:59583'

    def test_c_2_2_rule_label_for_uber_trip_downtown(page, base_url):
        page.goto(base_url)
&gt;       page.wait_for_selector('[data-testid="tx-row"]')

skeleton\verify\test_ui_session2.py:34: 
_ _ _ _ _ _ _ _ _ _ _ _ _ _ _ _ _ _ _ _ _ _ _ _ _ _ _ _ _ _ _ _ _ _ _ _ _ _ _ _
.pipeline\venv\Lib\site-packages\playwright\sync_api\_generated.py:9033: in wait_for_selector
    self._sync(
.pipeline\venv\Lib\site-packages\playwright\_impl\_page.py:427: in wait_for_selector
    return await self._main_frame.wait_for_selector(**locals_to_params(locals()))
           ^^^^^^^^^^^^^^^^^^^^^^^^^^^^^^^^^^^^^^^^^^^^^^^^^^^^^^^^^^^^^^^^^^^^^^
.pipeline\venv\Lib\site-packages\playwright\_impl\_frame.py:394: in wait_for_selector
    await self._channel.send(
.pipeline\venv\Lib\site-packages\playwright\_impl\_connection.py:76: in send
    return await self._connection.wrap_api_call(
_ _ _ _ _ _ _ _ _ _ _ _ _ _ _ _ _ _ _ _ _ _ _ _ _ _ _ _ _ _ _ _ _ _ _ _ _ _ _ _

self = &lt;playwright._impl._connection.Connection object at 0x000002A30CAC75C0&gt;
cb = &lt;function Channel.send.&lt;locals&gt;.&lt;lambda&gt; at 0x000002A30CB9A350&gt;
is_internal = False, title = None

    async def wrap_api_call(
        self, cb: Callable[[], Any], is_internal: bool = False, title: str = None
    ) -&gt; Any:
        if self._api_zone.get():
            return await cb()
        task = asyncio.current_task(self._loop)
        parsed_st = _attach_api_call_information(
            getattr(task, "__pw_stack__", None) or _capture_stack_trace(),
            is_internal,
            title,
        )
        self._api_zone.set(parsed_st)
        try:
            return await cb()
        except Exception as error:
&gt;           raise rewrite_error(error, f"{parsed_st['apiName']}: {error}") from None
E           playwright._impl._errors.TimeoutError: Page.wait_for_selector: Timeout 5000ms exceeded.
E           Call log:
E             - waiting for locator("[data-testid=\"tx-row\"]") to be visible

.pipeline\venv\Lib\site-packages\playwright\_impl\_connection.py:632: TimeoutError</failure></testcase><testcase classname="skeleton.verify.test_ui_session2" name="test_c_2_3_summary_has_supplies_total_25" time="6.614"><failure message="playwright._impl._errors.TimeoutError: Page.wait_for_selector: Timeout 5000ms exceeded.&#10;Call log:&#10;  - waiting for locator(&quot;[data-testid=\&quot;summary\&quot;]&quot;) to be visible">page = &lt;Page url='http://127.0.0.1:59583/'&gt;, base_url = 'http://127.0.0.1:59583'

    def test_c_2_3_summary_has_supplies_total_25(page, base_url):
        page.goto(base_url)
        # Summary is present in session 2
&gt;       page.wait_for_selector('[data-testid="summary"]')

skeleton\verify\test_ui_session2.py:44: 
_ _ _ _ _ _ _ _ _ _ _ _ _ _ _ _ _ _ _ _ _ _ _ _ _ _ _ _ _ _ _ _ _ _ _ _ _ _ _ _
.pipeline\venv\Lib\site-packages\playwright\sync_api\_generated.py:9033: in wait_for_selector
    self._sync(
.pipeline\venv\Lib\site-packages\playwright\_impl\_page.py:427: in wait_for_selector
    return await self._main_frame.wait_for_selector(**locals_to_params(locals()))
           ^^^^^^^^^^^^^^^^^^^^^^^^^^^^^^^^^^^^^^^^^^^^^^^^^^^^^^^^^^^^^^^^^^^^^^
.pipeline\venv\Lib\site-packages\playwright\_impl\_frame.py:394: in wait_for_selector
    await self._channel.send(
.pipeline\venv\Lib\site-packages\playwright\_impl\_connection.py:76: in send
    return await self._connection.wrap_api_call(
_ _ _ _ _ _ _ _ _ _ _ _ _ _ _ _ _ _ _ _ _ _ _ _ _ _ _ _ _ _ _ _ _ _ _ _ _ _ _ _

self = &lt;playwright._impl._connection.Connection object at 0x000002A30CC3CC30&gt;
cb = &lt;function Channel.send.&lt;locals&gt;.&lt;lambda&gt; at 0x000002A30CC6F270&gt;
is_internal = False, title = None

    async def wrap_api_call(
        self, cb: Callable[[], Any], is_internal: bool = False, title: str = None
    ) -&gt; Any:
        if self._api_zone.get():
            return await cb()
        task = asyncio.current_task(self._loop)
        parsed_st = _attach_api_call_information(
            getattr(task, "__pw_stack__", None) or _capture_stack_trace(),
            is_internal,
            title,
        )
        self._api_zone.set(parsed_st)
        try:
            return await cb()
        except Exception as error:
&gt;           raise rewrite_error(error, f"{parsed_st['apiName']}: {error}") from None
E           playwright._impl._errors.TimeoutError: Page.wait_for_selector: Timeout 5000ms exceeded.
E           Call log:
E             - waiting for locator("[data-testid=\"summary\"]") to be visible

.pipeline\venv\Lib\site-packages\playwright\_impl\_connection.py:632: TimeoutError</failure></testcase><testcase classname="skeleton.verify.test_ui_session2" name="test_c_2_4_category_transport_for_uber_refund_not_income" time="6.570"><failure message="playwright._impl._errors.TimeoutError: Page.wait_for_selector: Timeout 5000ms exceeded.&#10;Call log:&#10;  - waiting for locator(&quot;[data-testid=\&quot;tx-row\&quot;]&quot;) to be visible">page = &lt;Page url='http://127.0.0.1:59583/'&gt;, base_url = 'http://127.0.0.1:59583'

    def test_c_2_4_category_transport_for_uber_refund_not_income(page, base_url):
        page.goto(base_url)
&gt;       page.wait_for_selector('[data-testid="tx-row"]')

skeleton\verify\test_ui_session2.py:53: 
_ _ _ _ _ _ _ _ _ _ _ _ _ _ _ _ _ _ _ _ _ _ _ _ _ _ _ _ _ _ _ _ _ _ _ _ _ _ _ _
.pipeline\venv\Lib\site-packages\playwright\sync_api\_generated.py:9033: in wait_for_selector
    self._sync(
.pipeline\venv\Lib\site-packages\playwright\_impl\_page.py:427: in wait_for_selector
    return await self._main_frame.wait_for_selector(**locals_to_params(locals()))
           ^^^^^^^^^^^^^^^^^^^^^^^^^^^^^^^^^^^^^^^^^^^^^^^^^^^^^^^^^^^^^^^^^^^^^^
.pipeline\venv\Lib\site-packages\playwright\_impl\_frame.py:394: in wait_for_selector
    await self._channel.send(
.pipeline\venv\Lib\site-packages\playwright\_impl\_connection.py:76: in send
    return await self._connection.wrap_api_call(
_ _ _ _ _ _ _ _ _ _ _ _ _ _ _ _ _ _ _ _ _ _ _ _ _ _ _ _ _ _ _ _ _ _ _ _ _ _ _ _

self = &lt;playwright._impl._connection.Connection object at 0x000002A30CB6C5F0&gt;
cb = &lt;function Channel.send.&lt;locals&gt;.&lt;lambda&gt; at 0x000002A30CE362A0&gt;
is_internal = False, title = None

    async def wrap_api_call(
        self, cb: Callable[[], Any], is_internal: bool = False, title: str = None
    ) -&gt; Any:
        if self._api_zone.get():
            return await cb()
        task = asyncio.current_task(self._loop)
        parsed_st = _attach_api_call_information(
            getattr(task, "__pw_stack__", None) or _capture_stack_trace(),
            is_internal,
            title,
        )
        self._api_zone.set(parsed_st)
        try:
            return await cb()
        except Exception as error:
&gt;           raise rewrite_error(error, f"{parsed_st['apiName']}: {error}") from None
E           playwright._impl._errors.TimeoutError: Page.wait_for_selector: Timeout 5000ms exceeded.
E           Call log:
E             - waiting for locator("[data-testid=\"tx-row\"]") to be visible

.pipeline\venv\Lib\site-packages\playwright\_impl\_connection.py:632: TimeoutError</failure></testcase><testcase classname="skeleton.verify.test_ui_session2" name="test_c_2_5_summary_heading_visible_once" time="6.572"><failure message="AssertionError: Locator expected to have count '1'&#10;Actual value: 0 &#10;Call log:&#10;  - Expect &quot;to_have_count&quot; with timeout 5000ms&#10;  - waiting for get_by_text(&quot;Summary by category&quot;, exact=True)&#10;    14 × locator resolved to 0 elements&#10;       - unexpected value &quot;0&quot;">page = &lt;Page url='http://127.0.0.1:59583/'&gt;, base_url = 'http://127.0.0.1:59583'

    def test_c_2_5_summary_heading_visible_once(page, base_url):
        page.goto(base_url)
        locator = page.get_by_text("Summary by category", exact=True)
&gt;       expect(locator).to_have_count(1)
E       AssertionError: Locator expected to have count '1'
E       Actual value: 0 
E       Call log:
E         - Expect "to_have_count" with timeout 5000ms
E         - waiting for get_by_text("Summary by category", exact=True)
E           14 × locator resolved to 0 elements
E              - unexpected value "0"

skeleton\verify\test_ui_session2.py:64: AssertionError</failure></testcase><testcase classname="skeleton.verify.test_ui_session2" name="test_c_2_6_summary_transport_total_20" time="6.654"><failure message="playwright._impl._errors.TimeoutError: Page.wait_for_selector: Timeout 5000ms exceeded.&#10;Call log:&#10;  - waiting for locator(&quot;[data-testid=\&quot;summary\&quot;]&quot;) to be visible">page = &lt;Page url='http://127.0.0.1:59583/'&gt;, base_url = 'http://127.0.0.1:59583'

    def test_c_2_6_summary_transport_total_20(page, base_url):
        page.goto(base_url)
&gt;       page.wait_for_selector('[data-testid="summary"]')

skeleton\verify\test_ui_session2.py:70: 
_ _ _ _ _ _ _ _ _ _ _ _ _ _ _ _ _ _ _ _ _ _ _ _ _ _ _ _ _ _ _ _ _ _ _ _ _ _ _ _
.pipeline\venv\Lib\site-packages\playwright\sync_api\_generated.py:9033: in wait_for_selector
    self._sync(
.pipeline\venv\Lib\site-packages\playwright\_impl\_page.py:427: in wait_for_selector
    return await self._main_frame.wait_for_selector(**locals_to_params(locals()))
           ^^^^^^^^^^^^^^^^^^^^^^^^^^^^^^^^^^^^^^^^^^^^^^^^^^^^^^^^^^^^^^^^^^^^^^
.pipeline\venv\Lib\site-packages\playwright\_impl\_frame.py:394: in wait_for_selector
    await self._channel.send(
.pipeline\venv\Lib\site-packages\playwright\_impl\_connection.py:76: in send
    return await self._connection.wrap_api_call(
_ _ _ _ _ _ _ _ _ _ _ _ _ _ _ _ _ _ _ _ _ _ _ _ _ _ _ _ _ _ _ _ _ _ _ _ _ _ _ _

self = &lt;playwright._impl._connection.Connection object at 0x000002A30EE56CF0&gt;
cb = &lt;function Channel.send.&lt;locals&gt;.&lt;lambda&gt; at 0x000002A30CE63480&gt;
is_internal = False, title = None

    async def wrap_api_call(
        self, cb: Callable[[], Any], is_internal: bool = False, title: str = None
    ) -&gt; Any:
        if self._api_zone.get():
            return await cb()
        task = asyncio.current_task(self._loop)
        parsed_st = _attach_api_call_information(
            getattr(task, "__pw_stack__", None) or _capture_stack_trace(),
            is_internal,
            title,
        )
        self._api_zone.set(parsed_st)
        try:
            return await cb()
        except Exception as error:
&gt;           raise rewrite_error(error, f"{parsed_st['apiName']}: {error}") from None
E           playwright._impl._errors.TimeoutError: Page.wait_for_selector: Timeout 5000ms exceeded.
E           Call log:
E             - waiting for locator("[data-testid=\"summary\"]") to be visible

.pipeline\venv\Lib\site-packages\playwright\_impl\_connection.py:632: TimeoutError</failure></testcase><testcase classname="skeleton.verify.test_ui_session3" name="test_c_3_1_delta_updates_after_setting_transport_budget_30" time="6.563"><failure message="playwright._impl._errors.TimeoutError: Page.wait_for_selector: Timeout 5000ms exceeded.&#10;Call log:&#10;  - waiting for locator(&quot;[data-testid=\&quot;summary\&quot;]&quot;) to be visible">page = &lt;Page url='http://127.0.0.1:59583/'&gt;, base_url = 'http://127.0.0.1:59583'

    def test_c_3_1_delta_updates_after_setting_transport_budget_30(page, base_url):
        page.goto(base_url)
&gt;       page.wait_for_selector('[data-testid="summary"]')

skeleton\verify\test_ui_session3.py:27: 
_ _ _ _ _ _ _ _ _ _ _ _ _ _ _ _ _ _ _ _ _ _ _ _ _ _ _ _ _ _ _ _ _ _ _ _ _ _ _ _
.pipeline\venv\Lib\site-packages\playwright\sync_api\_generated.py:9033: in wait_for_selector
    self._sync(
.pipeline\venv\Lib\site-packages\playwright\_impl\_page.py:427: in wait_for_selector
    return await self._main_frame.wait_for_selector(**locals_to_params(locals()))
           ^^^^^^^^^^^^^^^^^^^^^^^^^^^^^^^^^^^^^^^^^^^^^^^^^^^^^^^^^^^^^^^^^^^^^^
.pipeline\venv\Lib\site-packages\playwright\_impl\_frame.py:394: in wait_for_selector
    await self._channel.send(
.pipeline\venv\Lib\site-packages\playwright\_impl\_connection.py:76: in send
    return await self._connection.wrap_api_call(
_ _ _ _ _ _ _ _ _ _ _ _ _ _ _ _ _ _ _ _ _ _ _ _ _ _ _ _ _ _ _ _ _ _ _ _ _ _ _ _

self = &lt;playwright._impl._connection.Connection object at 0x000002A30CB6AE50&gt;
cb = &lt;function Channel.send.&lt;locals&gt;.&lt;lambda&gt; at 0x000002A30EEC6770&gt;
is_internal = False, title = None

    async def wrap_api_call(
        self, cb: Callable[[], Any], is_internal: bool = False, title: str = None
    ) -&gt; Any:
        if self._api_zone.get():
            return await cb()
        task = asyncio.current_task(self._loop)
        parsed_st = _attach_api_call_information(
            getattr(task, "__pw_stack__", None) or _capture_stack_trace(),
            is_internal,
            title,
        )
        self._api_zone.set(parsed_st)
        try:
            return await cb()
        except Exception as error:
&gt;           raise rewrite_error(error, f"{parsed_st['apiName']}: {error}") from None
E           playwright._impl._errors.TimeoutError: Page.wait_for_selector: Timeout 5000ms exceeded.
E           Call log:
E             - waiting for locator("[data-testid=\"summary\"]") to be visible

.pipeline\venv\Lib\site-packages\playwright\_impl\_connection.py:632: TimeoutError</failure></testcase><testcase classname="skeleton.verify.test_ui_session3" name="test_c_3_2_sort_by_delta_places_expense_first_after_budget" time="6.518"><failure message="playwright._impl._errors.TimeoutError: Page.wait_for_selector: Timeout 5000ms exceeded.&#10;Call log:&#10;  - waiting for locator(&quot;[data-testid=\&quot;summary\&quot;]&quot;) to be visible">page = &lt;Page url='http://127.0.0.1:59583/'&gt;, base_url = 'http://127.0.0.1:59583'

    def test_c_3_2_sort_by_delta_places_expense_first_after_budget(page, base_url):
        page.goto(base_url)
&gt;       page.wait_for_selector('[data-testid="summary"]')

skeleton\verify\test_ui_session3.py:42: 
_ _ _ _ _ _ _ _ _ _ _ _ _ _ _ _ _ _ _ _ _ _ _ _ _ _ _ _ _ _ _ _ _ _ _ _ _ _ _ _
.pipeline\venv\Lib\site-packages\playwright\sync_api\_generated.py:9033: in wait_for_selector
    self._sync(
.pipeline\venv\Lib\site-packages\playwright\_impl\_page.py:427: in wait_for_selector
    return await self._main_frame.wait_for_selector(**locals_to_params(locals()))
           ^^^^^^^^^^^^^^^^^^^^^^^^^^^^^^^^^^^^^^^^^^^^^^^^^^^^^^^^^^^^^^^^^^^^^^
.pipeline\venv\Lib\site-packages\playwright\_impl\_frame.py:394: in wait_for_selector
    await self._channel.send(
.pipeline\venv\Lib\site-packages\playwright\_impl\_connection.py:76: in send
    return await self._connection.wrap_api_call(
_ _ _ _ _ _ _ _ _ _ _ _ _ _ _ _ _ _ _ _ _ _ _ _ _ _ _ _ _ _ _ _ _ _ _ _ _ _ _ _

self = &lt;playwright._impl._connection.Connection object at 0x000002A30EF12C50&gt;
cb = &lt;function Channel.send.&lt;locals&gt;.&lt;lambda&gt; at 0x000002A30CE5C3B0&gt;
is_internal = False, title = None

    async def wrap_api_call(
        self, cb: Callable[[], Any], is_internal: bool = False, title: str = None
    ) -&gt; Any:
        if self._api_zone.get():
            return await cb()
        task = asyncio.current_task(self._loop)
        parsed_st = _attach_api_call_information(
            getattr(task, "__pw_stack__", None) or _capture_stack_trace(),
            is_internal,
            title,
        )
        self._api_zone.set(parsed_st)
        try:
            return await cb()
        except Exception as error:
&gt;           raise rewrite_error(error, f"{parsed_st['apiName']}: {error}") from None
E           playwright._impl._errors.TimeoutError: Page.wait_for_selector: Timeout 5000ms exceeded.
E           Call log:
E             - waiting for locator("[data-testid=\"summary\"]") to be visible

.pipeline\venv\Lib\site-packages\playwright\_impl\_connection.py:632: TimeoutError</failure></testcase><testcase classname="skeleton.verify.test_ui_session3" name="test_c_3_3_toggle_overbudget_hides_transport_and_keeps_expense" time="6.605"><failure message="playwright._impl._errors.TimeoutError: Page.wait_for_selector: Timeout 5000ms exceeded.&#10;Call log:&#10;  - waiting for locator(&quot;[data-testid=\&quot;summary\&quot;]&quot;) to be visible">page = &lt;Page url='http://127.0.0.1:59583/'&gt;, base_url = 'http://127.0.0.1:59583'

    def test_c_3_3_toggle_overbudget_hides_transport_and_keeps_expense(page, base_url):
        page.goto(base_url)
&gt;       page.wait_for_selector('[data-testid="summary"]')

skeleton\verify\test_ui_session3.py:65: 
_ _ _ _ _ _ _ _ _ _ _ _ _ _ _ _ _ _ _ _ _ _ _ _ _ _ _ _ _ _ _ _ _ _ _ _ _ _ _ _
.pipeline\venv\Lib\site-packages\playwright\sync_api\_generated.py:9033: in wait_for_selector
    self._sync(
.pipeline\venv\Lib\site-packages\playwright\_impl\_page.py:427: in wait_for_selector
    return await self._main_frame.wait_for_selector(**locals_to_params(locals()))
           ^^^^^^^^^^^^^^^^^^^^^^^^^^^^^^^^^^^^^^^^^^^^^^^^^^^^^^^^^^^^^^^^^^^^^^
.pipeline\venv\Lib\site-packages\playwright\_impl\_frame.py:394: in wait_for_selector
    await self._channel.send(
.pipeline\venv\Lib\site-packages\playwright\_impl\_connection.py:76: in send
    return await self._connection.wrap_api_call(
_ _ _ _ _ _ _ _ _ _ _ _ _ _ _ _ _ _ _ _ _ _ _ _ _ _ _ _ _ _ _ _ _ _ _ _ _ _ _ _

self = &lt;playwright._impl._connection.Connection object at 0x000002A30EE78B50&gt;
cb = &lt;function Channel.send.&lt;locals&gt;.&lt;lambda&gt; at 0x000002A30C695590&gt;
is_internal = False, title = None

    async def wrap_api_call(
        self, cb: Callable[[], Any], is_internal: bool = False, title: str = None
    ) -&gt; Any:
        if self._api_zone.get():
            return await cb()
        task = asyncio.current_task(self._loop)
        parsed_st = _attach_api_call_information(
            getattr(task, "__pw_stack__", None) or _capture_stack_trace(),
            is_internal,
            title,
        )
        self._api_zone.set(parsed_st)
        try:
            return await cb()
        except Exception as error:
&gt;           raise rewrite_error(error, f"{parsed_st['apiName']}: {error}") from None
E           playwright._impl._errors.TimeoutError: Page.wait_for_selector: Timeout 5000ms exceeded.
E           Call log:
E             - waiting for locator("[data-testid=\"summary\"]") to be visible

.pipeline\venv\Lib\site-packages\playwright\_impl\_connection.py:632: TimeoutError</failure></testcase><testcase classname="skeleton.verify.test_ui_session3" name="test_c_3_4_percent_shows_one_decimal_transport_66_7" time="6.766"><failure message="playwright._impl._errors.TimeoutError: Page.wait_for_selector: Timeout 5000ms exceeded.&#10;Call log:&#10;  - waiting for locator(&quot;[data-testid=\&quot;summary\&quot;]&quot;) to be visible">page = &lt;Page url='http://127.0.0.1:59583/'&gt;, base_url = 'http://127.0.0.1:59583'

    def test_c_3_4_percent_shows_one_decimal_transport_66_7(page, base_url):
        page.goto(base_url)
&gt;       page.wait_for_selector('[data-testid="summary"]')

skeleton\verify\test_ui_session3.py:78: 
_ _ _ _ _ _ _ _ _ _ _ _ _ _ _ _ _ _ _ _ _ _ _ _ _ _ _ _ _ _ _ _ _ _ _ _ _ _ _ _
.pipeline\venv\Lib\site-packages\playwright\sync_api\_generated.py:9033: in wait_for_selector
    self._sync(
.pipeline\venv\Lib\site-packages\playwright\_impl\_page.py:427: in wait_for_selector
    return await self._main_frame.wait_for_selector(**locals_to_params(locals()))
           ^^^^^^^^^^^^^^^^^^^^^^^^^^^^^^^^^^^^^^^^^^^^^^^^^^^^^^^^^^^^^^^^^^^^^^
.pipeline\venv\Lib\site-packages\playwright\_impl\_frame.py:394: in wait_for_selector
    await self._channel.send(
.pipeline\venv\Lib\site-packages\playwright\_impl\_connection.py:76: in send
    return await self._connection.wrap_api_call(
_ _ _ _ _ _ _ _ _ _ _ _ _ _ _ _ _ _ _ _ _ _ _ _ _ _ _ _ _ _ _ _ _ _ _ _ _ _ _ _

self = &lt;playwright._impl._connection.Connection object at 0x000002A30C783750&gt;
cb = &lt;function Channel.send.&lt;locals&gt;.&lt;lambda&gt; at 0x000002A30EEAB690&gt;
is_internal = False, title = None

    async def wrap_api_call(
        self, cb: Callable[[], Any], is_internal: bool = False, title: str = None
    ) -&gt; Any:
        if self._api_zone.get():
            return await cb()
        task = asyncio.current_task(self._loop)
        parsed_st = _attach_api_call_information(
            getattr(task, "__pw_stack__", None) or _capture_stack_trace(),
            is_internal,
            title,
        )
        self._api_zone.set(parsed_st)
        try:
            return await cb()
        except Exception as error:
&gt;           raise rewrite_error(error, f"{parsed_st['apiName']}: {error}") from None
E           playwright._impl._errors.TimeoutError: Page.wait_for_selector: Timeout 5000ms exceeded.
E           Call log:
E             - waiting for locator("[data-testid=\"summary\"]") to be visible

.pipeline\venv\Lib\site-packages\playwright\_impl\_connection.py:632: TimeoutError</failure></testcase><testcase classname="skeleton.verify.test_ui_session3" name="test_c_3_5_delta_header_visible_once" time="6.562"><failure message="AssertionError: Locator expected to have count '1'&#10;Actual value: 0 &#10;Call log:&#10;  - Expect &quot;to_have_count&quot; with timeout 5000ms&#10;  - waiting for get_by_text(&quot;Delta&quot;, exact=True)&#10;    14 × locator resolved to 0 elements&#10;       - unexpected value &quot;0&quot;">page = &lt;Page url='http://127.0.0.1:59583/'&gt;, base_url = 'http://127.0.0.1:59583'

    def test_c_3_5_delta_header_visible_once(page, base_url):
        page.goto(base_url)
        # Exact-case "Delta" should match the header, not the "Sort by delta" button.
        loc = page.get_by_text("Delta", exact=True)
&gt;       expect(loc).to_have_count(1)
E       AssertionError: Locator expected to have count '1'
E       Actual value: 0 
E       Call log:
E         - Expect "to_have_count" with timeout 5000ms
E         - waiting for get_by_text("Delta", exact=True)
E           14 × locator resolved to 0 elements
E              - unexpected value "0"

skeleton\verify\test_ui_session3.py:90: AssertionError</failure></testcase></testsuite></testsuites>