<?xml version="1.0" encoding="utf-8"?><testsuites name="pytest tests"><testsuite name="pytest" errors="0" failures="0" skipped="0" tests="13" time="10.665" timestamp="2026-09-06T17:33:37.981544+05:30" hostname="HERO"><testcase classname="verify.test_api_candidates" name="test_c_1_1_candidates_list_has_10_items" time="0.468" /><testcase classname="verify.test_api_candidates" name="test_c_1_4_candidates_list_has_duplicate_years" time="0.325" /><testcase classname="verify.test_api_candidates" name="test_c_1_5_candidates_list_has_typescript_tag" time="0.323" /><testcase classname="verify.test_api_rank" name="test_c_2_1_rank_years_returns_10_items_with_shape" time="0.326" /><testcase classname="verify.test_api_rank" name="test_c_2_2_rank_years_orders_by_unrounded_score_desc" time="0.320" /><testcase classname="verify.test_api_rank" name="test_c_3_4_rank_years_min_100_returns_empty_array" time="0.323" /><testcase classname="verify.test_sort_and_filter" name="test_c_3_1_no_active_orders_by_name_ascii" time="0.641" /><testcase classname="verify.test_sort_and_filter" name="test_c_3_2_tag_active_same_years_same_tag_break_ties_by_name" time="0.661" /><testcase classname="verify.test_sort_and_filter" name="test_c_3_3_tag_active_one_tagged_comes_first" time="0.636" /><testcase classname="verify.test_ui_main" name="test_c_1_2_renders_10_cards" time="2.140" /><testcase classname="verify.test_ui_main" name="test_c_1_3_renders_both_toggles" time="1.328" /><testcase classname="verify.test_ui_rank" name="test_c_2_3_years_toggle_shows_two_decimal_scores" time="1.611" /><testcase classname="verify.test_ui_rank" name="test_c_2_4_years_toggle_reasons_contains_years" time="1.275" /></testsuite></testsuites>