<?xml version="1.0" encoding="utf-8"?><testsuites name="pytest tests"><testsuite name="pytest" errors="0" failures="0" skipped="0" tests="17" time="10.953" timestamp="2026-08-29T03:32:28.778329+05:30" hostname="HERO"><testcase classname="verify.test_api_bills" name="test_c_1_1_bills_list_returns_200_with_the_six_seed_bills" time="0.591" /><testcase classname="verify.test_api_bills" name="test_c_1_2_bills_list_holds_six_whole_bill_objects" time="0.292" /><testcase classname="verify.test_api_bills" name="test_c_2_1_bill_get_returns_200_with_the_stored_bill" time="0.318" /><testcase classname="verify.test_api_bills" name="test_c_2_2_bill_get_returns_404_with_an_error_body_for_an_unknown_id" time="0.331" /><testcase classname="verify.test_ui_bill" name="test_c_2_3_bill_shows_its_stored_fields" time="3.806" /><testcase classname="verify.test_ui_bill" name="test_c_2_4_bill_shows_the_tip_and_grand_total" time="0.280" /><testcase classname="verify.test_ui_bill" name="test_c_2_5_unknown_bill_shows_not_found_and_the_back_link" time="0.278" /><testcase classname="verify.test_ui_bill" name="test_c_2_6_tip_rounds_half_up" time="0.315" /><testcase classname="verify.test_ui_list" name="test_c_1_3_list_renders_one_card_per_seed_bill" time="0.311" /><testcase classname="verify.test_ui_list" name="test_c_1_4_anand_bhavan_card_links_and_reads_its_fields" time="0.268" /><testcase classname="verify.test_ui_list" name="test_c_1_5_cards_are_in_the_order_the_endpoint_returns" time="0.264" /><testcase classname="verify.test_ui_split" name="test_c_3_1_stored_split_renders_one_row_per_person" time="0.310" /><testcase classname="verify.test_ui_split" name="test_c_3_2_one_fewer_click_shows_three_people_and_three_rows" time="0.380" /><testcase classname="verify.test_ui_split" name="test_c_3_3_three_way_split_hands_the_leftover_paise_to_the_first_people" time="0.365" /><testcase classname="verify.test_ui_split" name="test_c_3_4_down_then_up_lands_back_on_the_stored_split" time="0.436" /><testcase classname="verify.test_ui_split" name="test_c_3_5_lower_clamp_holds_the_count_at_one" time="0.500" /><testcase classname="verify.test_ui_split" name="test_c_3_6_upper_clamp_holds_the_count_at_twenty" time="1.763" /></testsuite></testsuites>