<?xml version="1.0" encoding="utf-8"?><testsuites name="pytest tests"><testsuite name="pytest" errors="0" failures="0" skipped="0" tests="18" time="12.390" timestamp="2026-08-29T03:30:32.532747+05:30" hostname="HERO"><testcase classname="verify.test_api_boards" name="test_c_1_1_intro_board_answers_its_size_mines_and_twenty_five_counts" time="0.620" /><testcase classname="verify.test_api_boards" name="test_c_1_2_field_board_counts_are_sixty_four_and_read_right_at_the_edges" time="0.327" /><testcase classname="verify.test_api_boards" name="test_c_1_3_unknown_board_answers_404_with_an_error_message" time="0.303" /><testcase classname="verify.test_api_boards" name="test_c_3_1_board_index_lists_the_three_seeded_boards_in_seed_order" time="0.300" /><testcase classname="verify.test_api_replay" name="test_c_2_1_one_click_on_field_index_zero_opens_exactly_fourteen_cells" time="0.313" /><testcase classname="verify.test_api_replay" name="test_c_2_2_intro_opens_a_zero_region_a_number_and_a_mine" time="0.340" /><testcase classname="verify.test_api_replay" name="test_c_2_3_replay_resolves_the_board_first_then_validates_the_body" time="0.318" /><testcase classname="verify.test_api_replay" name="test_c_3_2_corner_is_won_in_one_click_and_still_playing_after_a_number" time="0.317" /><testcase classname="verify.test_api_replay" name="test_c_3_3_a_mine_in_the_list_reads_lost_even_on_the_winning_count" time="0.312" /><testcase classname="verify.test_api_replay" name="test_c_3_4_flags_come_back_sorted_and_deduplicated_without_winning" time="0.318" /><testcase classname="verify.test_ui_play" name="test_c_2_4_field_opens_face_down_and_an_unknown_board_draws_nothing" time="4.970" /><testcase classname="verify.test_ui_play" name="test_c_2_5_one_click_on_field_index_zero_opens_fourteen_cells_on_screen" time="0.851" /><testcase classname="verify.test_ui_play" name="test_c_2_6_a_second_click_on_an_open_cell_changes_nothing_on_intro" time="0.383" /><testcase classname="verify.test_ui_play" name="test_c_3_5_flag_mode_plants_removes_and_guards_while_mines_left_tracks" time="0.741" /><testcase classname="verify.test_ui_play" name="test_c_3_6_the_status_line_reads_won_then_lost_and_stays_lost" time="0.404" /><testcase classname="verify.test_ui_solved" name="test_c_1_4_intro_solved_draws_25_cells_with_their_mines_and_counts" time="0.240" /><testcase classname="verify.test_ui_solved" name="test_c_1_5_corner_solved_shows_a_glyph_a_number_and_three_blank_zeros" time="0.255" /><testcase classname="verify.test_ui_solved" name="test_c_1_6_unknown_board_solved_draws_board_not_found_and_no_cells" time="0.949" /></testsuite></testsuites>