<?xml version="1.0" encoding="utf-8"?><testsuites name="pytest tests"><testsuite name="pytest" errors="0" failures="0" skipped="0" tests="12" time="11.283" timestamp="2026-09-06T21:42:36.090172+05:30" hostname="HERO"><testcase classname="verify.test_api" name="test_c_1_1_get_expenses_returns_4_items[/api/expenses-4]" time="0.492" /><testcase classname="verify.test_api" name="test_c_2_4_naive_settlement_api_first_item" time="0.379" /><testcase classname="verify.test_ui_session1" name="test_c_1_2_home_renders_4_expense_rows" time="4.928" /><testcase classname="verify.test_ui_session1" name="test_c_1_3_totals_paid_summary_5_rows_with_exact_amounts" time="0.600" /><testcase classname="verify.test_ui_session2" name="test_c_2_1_balances_name_order_and_exact_texts" time="0.571" /><testcase classname="verify.test_ui_session2" name="test_c_2_2_transfers_first_item_text" time="0.523" /><testcase classname="verify.test_ui_session2" name="test_c_2_3_transfers_total_amount" time="0.553" /><testcase classname="verify.test_ui_session3" name="test_c_3_1_money_sample_shows_negative_format" time="0.539" /><testcase classname="verify.test_ui_session3" name="test_c_3_2_minimal_on_orders_transfers_by_amount_then_payer_payee" time="0.690" /><testcase classname="verify.test_ui_session3" name="test_c_3_3_unchecking_eve_excludes_from_balances_and_transfers" time="0.590" /><testcase classname="verify.test_ui_session3" name="test_c_3_4_minimal_on_renders_4_transfer_rows" time="0.590" /><testcase classname="verify.test_ui_session3" name="test_c_3_5_minimal_off_last_item_is_bob_pays_cara" time="0.647" /></testsuite></testsuites>