<?xml version="1.0" encoding="utf-8"?><testsuites name="pytest tests"><testsuite name="pytest" errors="0" failures="0" skipped="0" tests="3" time="1.560" timestamp="2026-08-28T13:06:56.451185+05:30" hostname="nxtwave-Z790-D-AX"><testcase classname="verify.test_api_health" name="test_health_returns_ok" time="0.032" /><testcase classname="verify.test_ui_home" name="test_renders_three_items" time="0.900" /><testcase classname="verify.test_ui_home" name="test_shows_heading" time="0.580" /></testsuite></testsuites>