<?xml version="1.0" encoding="utf-8"?><testsuites name="pytest tests"><testsuite name="pytest" errors="0" failures="0" skipped="0" tests="3" time="1.460" timestamp="2026-08-26T16:56:01.423619+05:30" hostname="nxtwave-Z790-D-AX"><testcase classname="verify.test_api_health" name="test_health_returns_ok" time="0.027" /><testcase classname="verify.test_ui_home" name="test_renders_three_items" time="0.809" /><testcase classname="verify.test_ui_home" name="test_shows_heading" time="0.585" /></testsuite></testsuites>